<?xml version="1.0" encoding="UTF-8"?>
<coverage generated="1588273160902" clover="3.2.0">
  <project timestamp="1588273160902" name="All files">
    <metrics statements="404" coveredstatements="0" conditionals="263" coveredconditionals="0" methods="145" coveredmethods="0" elements="812" coveredelements="0" complexity="0" loc="404" ncloc="404" packages="6" files="25" classes="25">
      <package name="src">
        <metrics statements="12" coveredstatements="0" conditionals="2" coveredconditionals="0" methods="9" coveredmethods="0"/>
        <file name="App.vue" path="F:\work-project\vue-norson-lis\src\App.vue">
          <metrics statements="4" coveredstatements="0" conditionals="2" coveredconditionals="0" methods="4" coveredmethods="0"/>
          <line num="13" count="0" type="stmt"/>
          <line num="14" count="0" type="stmt"/>
          <line num="21" count="0" type="stmt"/>
          <line num="22" count="0" type="cond" truecount="0" falsecount="2"/>
        </file>
        <file name="router.js" path="F:\work-project\vue-norson-lis\src\router.js">
          <metrics statements="8" coveredstatements="0" conditionals="0" coveredconditionals="0" methods="5" coveredmethods="0"/>
          <line num="1" count="0" type="stmt"/>
          <line num="2" count="0" type="stmt"/>
          <line num="4" count="0" type="stmt"/>
          <line num="6" count="0" type="stmt"/>
          <line num="14" count="0" type="stmt"/>
          <line num="15" count="0" type="stmt"/>
          <line num="22" count="0" type="stmt"/>
          <line num="23" count="0" type="stmt"/>
        </file>
      </package>
      <package name="src.common">
        <metrics statements="246" coveredstatements="0" conditionals="219" coveredconditionals="0" methods="62" coveredmethods="0"/>
        <file name="config.js" path="F:\work-project\vue-norson-lis\src\common\config.js">
          <metrics statements="12" coveredstatements="0" conditionals="6" coveredconditionals="0" methods="1" coveredmethods="0"/>
          <line num="2" count="0" type="stmt"/>
          <line num="4" count="0" type="stmt"/>
          <line num="6" count="0" type="stmt"/>
          <line num="7" count="0" type="stmt"/>
          <line num="8" count="0" type="stmt"/>
          <line num="10" count="0" type="cond" truecount="0" falsecount="2"/>
          <line num="11" count="0" type="stmt"/>
          <line num="13" count="0" type="cond" truecount="0" falsecount="2"/>
          <line num="14" count="0" type="stmt"/>
          <line num="15" count="0" type="cond" truecount="0" falsecount="2"/>
          <line num="16" count="0" type="stmt"/>
          <line num="20" count="0" type="stmt"/>
        </file>
        <file name="fn.js" path="F:\work-project\vue-norson-lis\src\common\fn.js">
          <metrics statements="61" coveredstatements="0" conditionals="51" coveredconditionals="0" methods="22" coveredmethods="0"/>
          <line num="2" count="0" type="stmt"/>
          <line num="8" count="0" type="stmt"/>
          <line num="10" count="0" type="cond" truecount="0" falsecount="2"/>
          <line num="12" count="0" type="stmt"/>
          <line num="14" count="0" type="stmt"/>
          <line num="16" count="0" type="cond" truecount="0" falsecount="2"/>
          <line num="18" count="0" type="stmt"/>
          <line num="20" count="0" type="stmt"/>
          <line num="22" count="0" type="cond" truecount="0" falsecount="3"/>
          <line num="23" count="0" type="cond" truecount="0" falsecount="3"/>
          <line num="26" count="0" type="stmt"/>
          <line num="27" count="0" type="cond" truecount="0" falsecount="2"/>
          <line num="28" count="0" type="cond" truecount="0" falsecount="2"/>
          <line num="29" count="0" type="cond" truecount="0" falsecount="2"/>
          <line num="30" count="0" type="stmt"/>
          <line num="32" count="0" type="stmt"/>
          <line num="36" count="0" type="stmt"/>
          <line num="37" count="0" type="cond" truecount="0" falsecount="2"/>
          <line num="38" count="0" type="stmt"/>
          <line num="39" count="0" type="stmt"/>
          <line num="40" count="0" type="stmt"/>
          <line num="41" count="0" type="cond" truecount="0" falsecount="2"/>
          <line num="45" count="0" type="cond" truecount="0" falsecount="2"/>
          <line num="46" count="0" type="cond" truecount="0" falsecount="2"/>
          <line num="47" count="0" type="stmt"/>
          <line num="49" count="0" type="stmt"/>
          <line num="50" count="0" type="stmt"/>
          <line num="54" count="0" type="cond" truecount="0" falsecount="2"/>
          <line num="55" count="0" type="stmt"/>
          <line num="58" count="0" type="cond" truecount="0" falsecount="2"/>
          <line num="59" count="0" type="cond" truecount="0" falsecount="2"/>
          <line num="62" count="0" type="cond" truecount="0" falsecount="2"/>
          <line num="63" count="0" type="stmt"/>
          <line num="64" count="0" type="cond" truecount="0" falsecount="2"/>
          <line num="65" count="0" type="stmt"/>
          <line num="66" count="0" type="stmt"/>
          <line num="67" count="0" type="stmt"/>
          <line num="68" count="0" type="stmt"/>
          <line num="69" count="0" type="cond" truecount="0" falsecount="5"/>
          <line num="70" count="0" type="stmt"/>
          <line num="74" count="0" type="cond" truecount="0" falsecount="2"/>
          <line num="75" count="0" type="stmt"/>
          <line num="79" count="0" type="stmt"/>
          <line num="80" count="0" type="stmt"/>
          <line num="81" count="0" type="stmt"/>
          <line num="83" count="0" type="cond" truecount="0" falsecount="2"/>
          <line num="84" count="0" type="stmt"/>
          <line num="85" count="0" type="cond" truecount="0" falsecount="2"/>
          <line num="86" count="0" type="stmt"/>
          <line num="88" count="0" type="stmt"/>
          <line num="92" count="0" type="stmt"/>
          <line num="93" count="0" type="cond" truecount="0" falsecount="2"/>
          <line num="94" count="0" type="stmt"/>
          <line num="96" count="0" type="stmt"/>
          <line num="100" count="0" type="stmt"/>
          <line num="103" count="0" type="cond" truecount="0" falsecount="2"/>
          <line num="104" count="0" type="stmt"/>
          <line num="105" count="0" type="cond" truecount="0" falsecount="2"/>
          <line num="106" count="0" type="stmt"/>
          <line num="108" count="0" type="stmt"/>
          <line num="111" count="0" type="stmt"/>
        </file>
        <file name="global.js" path="F:\work-project\vue-norson-lis\src\common\global.js">
          <metrics statements="5" coveredstatements="0" conditionals="0" coveredconditionals="0" methods="0" coveredmethods="0"/>
          <line num="2" count="0" type="stmt"/>
          <line num="3" count="0" type="stmt"/>
          <line num="4" count="0" type="stmt"/>
          <line num="7" count="0" type="stmt"/>
          <line num="8" count="0" type="stmt"/>
        </file>
        <file name="http.js" path="F:\work-project\vue-norson-lis\src\common\http.js">
          <metrics statements="138" coveredstatements="0" conditionals="138" coveredconditionals="0" methods="31" coveredmethods="0"/>
          <line num="2" count="0" type="stmt"/>
          <line num="3" count="0" type="stmt"/>
          <line num="4" count="0" type="stmt"/>
          <line num="8" count="0" type="cond" truecount="0" falsecount="2"/>
          <line num="11" count="0" type="stmt"/>
          <line num="12" count="0" type="cond" truecount="0" falsecount="2"/>
          <line num="13" count="0" type="stmt"/>
          <line num="19" count="0" type="stmt"/>
          <line num="27" count="0" type="stmt"/>
          <line num="28" count="0" type="cond" truecount="0" falsecount="2"/>
          <line num="29" count="0" type="stmt"/>
          <line num="30" count="0" type="stmt"/>
          <line num="31" count="0" type="stmt"/>
          <line num="32" count="0" type="cond" truecount="0" falsecount="2"/>
          <line num="34" count="0" type="cond" truecount="0" falsecount="2"/>
          <line num="35" count="0" type="stmt"/>
          <line num="42" count="0" type="cond" truecount="0" falsecount="2"/>
          <line num="44" count="0" type="stmt"/>
          <line num="45" count="0" type="cond" truecount="0" falsecount="2"/>
          <line num="46" count="0" type="stmt"/>
          <line num="47" count="0" type="cond" truecount="0" falsecount="2"/>
          <line num="48" count="0" type="stmt"/>
          <line num="49" count="0" type="cond" truecount="0" falsecount="2"/>
          <line num="50" count="0" type="stmt"/>
          <line num="52" count="0" type="stmt"/>
          <line num="54" count="0" type="cond" truecount="0" falsecount="2"/>
          <line num="55" count="0" type="stmt"/>
          <line num="68" count="0" type="stmt"/>
          <line num="69" count="0" type="cond" truecount="0" falsecount="2"/>
          <line num="70" count="0" type="cond" truecount="0" falsecount="2"/>
          <line num="71" count="0" type="stmt"/>
          <line num="72" count="0" type="stmt"/>
          <line num="73" count="0" type="stmt"/>
          <line num="74" count="0" type="stmt"/>
          <line num="79" count="0" type="cond" truecount="0" falsecount="2"/>
          <line num="81" count="0" type="cond" truecount="0" falsecount="2"/>
          <line num="82" count="0" type="stmt"/>
          <line num="83" count="0" type="stmt"/>
          <line num="85" count="0" type="cond" truecount="0" falsecount="4"/>
          <line num="86" count="0" type="cond" truecount="0" falsecount="4"/>
          <line num="90" count="0" type="stmt"/>
          <line num="91" count="0" type="stmt"/>
          <line num="92" count="0" type="stmt"/>
          <line num="93" count="0" type="stmt"/>
          <line num="95" count="0" type="cond" truecount="0" falsecount="2"/>
          <line num="96" count="0" type="stmt"/>
          <line num="97" count="0" type="stmt"/>
          <line num="98" count="0" type="cond" truecount="0" falsecount="2"/>
          <line num="99" count="0" type="stmt"/>
          <line num="100" count="0" type="stmt"/>
          <line num="101" count="0" type="stmt"/>
          <line num="103" count="0" type="stmt"/>
          <line num="105" count="0" type="stmt"/>
          <line num="107" count="0" type="cond" truecount="0" falsecount="2"/>
          <line num="108" count="0" type="cond" truecount="0" falsecount="2"/>
          <line num="110" count="0" type="cond" truecount="0" falsecount="2"/>
          <line num="111" count="0" type="cond" truecount="0" falsecount="2"/>
          <line num="113" count="0" type="stmt"/>
          <line num="116" count="0" type="stmt"/>
          <line num="118" count="0" type="cond" truecount="0" falsecount="2"/>
          <line num="119" count="0" type="cond" truecount="0" falsecount="2"/>
          <line num="121" count="0" type="cond" truecount="0" falsecount="2"/>
          <line num="122" count="0" type="cond" truecount="0" falsecount="2"/>
          <line num="123" count="0" type="cond" truecount="0" falsecount="2"/>
          <line num="124" count="0" type="cond" truecount="0" falsecount="2"/>
          <line num="131" count="0" type="stmt"/>
          <line num="133" count="0" type="stmt"/>
          <line num="135" count="0" type="stmt"/>
          <line num="136" count="0" type="stmt"/>
          <line num="158" count="0" type="cond" truecount="0" falsecount="2"/>
          <line num="160" count="0" type="cond" truecount="0" falsecount="2"/>
          <line num="162" count="0" type="stmt"/>
          <line num="163" count="0" type="cond" truecount="0" falsecount="2"/>
          <line num="166" count="0" type="stmt"/>
          <line num="167" count="0" type="stmt"/>
          <line num="168" count="0" type="cond" truecount="0" falsecount="2"/>
          <line num="170" count="0" type="cond" truecount="0" falsecount="2"/>
          <line num="171" count="0" type="cond" truecount="0" falsecount="2"/>
          <line num="172" count="0" type="cond" truecount="0" falsecount="2"/>
          <line num="174" count="0" type="cond" truecount="0" falsecount="4"/>
          <line num="181" count="0" type="stmt"/>
          <line num="183" count="0" type="cond" truecount="0" falsecount="2"/>
          <line num="184" count="0" type="cond" truecount="0" falsecount="2"/>
          <line num="185" count="0" type="stmt"/>
          <line num="186" count="0" type="stmt"/>
          <line num="188" count="0" type="stmt"/>
          <line num="191" count="0" type="stmt"/>
          <line num="194" count="0" type="stmt"/>
          <line num="199" count="0" type="stmt"/>
          <line num="200" count="0" type="stmt"/>
          <line num="215" count="0" type="cond" truecount="0" falsecount="2"/>
          <line num="216" count="0" type="cond" truecount="0" falsecount="2"/>
          <line num="219" count="0" type="stmt"/>
          <line num="221" count="0" type="cond" truecount="0" falsecount="2"/>
          <line num="222" count="0" type="stmt"/>
          <line num="226" count="0" type="cond" truecount="0" falsecount="2"/>
          <line num="227" count="0" type="stmt"/>
          <line num="234" count="0" type="stmt"/>
          <line num="235" count="0" type="stmt"/>
          <line num="236" count="0" type="cond" truecount="0" falsecount="2"/>
          <line num="238" count="0" type="cond" truecount="0" falsecount="2"/>
          <line num="239" count="0" type="cond" truecount="0" falsecount="2"/>
          <line num="240" count="0" type="cond" truecount="0" falsecount="2"/>
          <line num="242" count="0" type="cond" truecount="0" falsecount="4"/>
          <line num="246" count="0" type="stmt"/>
          <line num="247" count="0" type="cond" truecount="0" falsecount="2"/>
          <line num="249" count="0" type="cond" truecount="0" falsecount="2"/>
          <line num="253" count="0" type="cond" truecount="0" falsecount="2"/>
          <line num="254" count="0" type="cond" truecount="0" falsecount="2"/>
          <line num="255" count="0" type="stmt"/>
          <line num="258" count="0" type="cond" truecount="0" falsecount="2"/>
          <line num="259" count="0" type="stmt"/>
          <line num="262" count="0" type="cond" truecount="0" falsecount="2"/>
          <line num="263" count="0" type="cond" truecount="0" falsecount="2"/>
          <line num="266" count="0" type="stmt"/>
          <line num="268" count="0" type="stmt"/>
          <line num="269" count="0" type="stmt"/>
          <line num="276" count="0" type="stmt"/>
          <line num="277" count="0" type="stmt"/>
          <line num="287" count="0" type="cond" truecount="0" falsecount="2"/>
          <line num="289" count="0" type="cond" truecount="0" falsecount="2"/>
          <line num="290" count="0" type="stmt"/>
          <line num="295" count="0" type="stmt"/>
          <line num="296" count="0" type="stmt"/>
          <line num="299" count="0" type="stmt"/>
          <line num="301" count="0" type="cond" truecount="0" falsecount="2"/>
          <line num="302" count="0" type="stmt"/>
          <line num="306" count="0" type="cond" truecount="0" falsecount="2"/>
          <line num="307" count="0" type="stmt"/>
          <line num="314" count="0" type="stmt"/>
          <line num="315" count="0" type="stmt"/>
          <line num="316" count="0" type="cond" truecount="0" falsecount="2"/>
          <line num="317" count="0" type="cond" truecount="0" falsecount="2"/>
          <line num="325" count="0" type="stmt"/>
          <line num="332" count="0" type="cond" truecount="0" falsecount="2"/>
          <line num="334" count="0" type="stmt"/>
          <line num="335" count="0" type="stmt"/>
          <line num="337" count="0" type="cond" truecount="0" falsecount="2"/>
        </file>
        <file name="localStorage.js" path="F:\work-project\vue-norson-lis\src\common\localStorage.js">
          <metrics statements="15" coveredstatements="0" conditionals="12" coveredconditionals="0" methods="4" coveredmethods="0"/>
          <line num="2" count="0" type="stmt"/>
          <line num="6" count="0" type="stmt"/>
          <line num="8" count="0" type="cond" truecount="0" falsecount="4"/>
          <line num="9" count="0" type="stmt"/>
          <line num="11" count="0" type="stmt"/>
          <line num="15" count="0" type="stmt"/>
          <line num="16" count="0" type="cond" truecount="0" falsecount="2"/>
          <line num="17" count="0" type="cond" truecount="0" falsecount="4"/>
          <line num="18" count="0" type="stmt"/>
          <line num="20" count="0" type="stmt"/>
          <line num="23" count="0" type="stmt"/>
          <line num="28" count="0" type="cond" truecount="0" falsecount="2"/>
          <line num="29" count="0" type="stmt"/>
          <line num="30" count="0" type="stmt"/>
          <line num="33" count="0" type="stmt"/>
        </file>
        <file name="sessionStorage.js" path="F:\work-project\vue-norson-lis\src\common\sessionStorage.js">
          <metrics statements="15" coveredstatements="0" conditionals="12" coveredconditionals="0" methods="4" coveredmethods="0"/>
          <line num="2" count="0" type="stmt"/>
          <line num="6" count="0" type="stmt"/>
          <line num="8" count="0" type="cond" truecount="0" falsecount="4"/>
          <line num="9" count="0" type="stmt"/>
          <line num="11" count="0" type="stmt"/>
          <line num="15" count="0" type="stmt"/>
          <line num="16" count="0" type="cond" truecount="0" falsecount="2"/>
          <line num="17" count="0" type="cond" truecount="0" falsecount="4"/>
          <line num="18" count="0" type="stmt"/>
          <line num="20" count="0" type="stmt"/>
          <line num="23" count="0" type="stmt"/>
          <line num="28" count="0" type="cond" truecount="0" falsecount="2"/>
          <line num="29" count="0" type="stmt"/>
          <line num="30" count="0" type="stmt"/>
          <line num="33" count="0" type="stmt"/>
        </file>
      </package>
      <package name="src.components">
        <metrics statements="97" coveredstatements="0" conditionals="40" coveredconditionals="0" methods="47" coveredmethods="0"/>
        <file name="associate.vue" path="F:\work-project\vue-norson-lis\src\components\associate.vue">
          <metrics statements="48" coveredstatements="0" conditionals="36" coveredconditionals="0" methods="10" coveredmethods="0"/>
          <line num="20" count="0" type="stmt"/>
          <line num="37" count="0" type="stmt"/>
          <line num="45" count="0" type="stmt"/>
          <line num="46" count="0" type="stmt"/>
          <line num="47" count="0" type="stmt"/>
          <line num="50" count="0" type="stmt"/>
          <line num="51" count="0" type="cond" truecount="0" falsecount="2"/>
          <line num="52" count="0" type="cond" truecount="0" falsecount="4"/>
          <line num="53" count="0" type="stmt"/>
          <line num="54" count="0" type="cond" truecount="0" falsecount="4"/>
          <line num="55" count="0" type="stmt"/>
          <line num="56" count="0" type="cond" truecount="0" falsecount="2"/>
          <line num="57" count="0" type="stmt"/>
          <line num="61" count="0" type="cond" truecount="0" falsecount="2"/>
          <line num="62" count="0" type="stmt"/>
          <line num="63" count="0" type="stmt"/>
          <line num="66" count="0" type="stmt"/>
          <line num="71" count="0" type="stmt"/>
          <line num="74" count="0" type="stmt"/>
          <line num="75" count="0" type="cond" truecount="0" falsecount="2"/>
          <line num="76" count="0" type="cond" truecount="0" falsecount="2"/>
          <line num="77" count="0" type="stmt"/>
          <line num="78" count="0" type="stmt"/>
          <line num="79" count="0" type="stmt"/>
          <line num="80" count="0" type="stmt"/>
          <line num="82" count="0" type="cond" truecount="0" falsecount="2"/>
          <line num="84" count="0" type="cond" truecount="0" falsecount="2"/>
          <line num="85" count="0" type="stmt"/>
          <line num="86" count="0" type="stmt"/>
          <line num="87" count="0" type="cond" truecount="0" falsecount="2"/>
          <line num="88" count="0" type="stmt"/>
          <line num="89" count="0" type="stmt"/>
          <line num="90" count="0" type="cond" truecount="0" falsecount="2"/>
          <line num="94" count="0" type="stmt"/>
          <line num="98" count="0" type="cond" truecount="0" falsecount="2"/>
          <line num="99" count="0" type="cond" truecount="0" falsecount="2"/>
          <line num="100" count="0" type="stmt"/>
          <line num="101" count="0" type="stmt"/>
          <line num="104" count="0" type="cond" truecount="0" falsecount="2"/>
          <line num="107" count="0" type="stmt"/>
          <line num="111" count="0" type="stmt"/>
          <line num="112" count="0" type="stmt"/>
          <line num="113" count="0" type="stmt"/>
          <line num="114" count="0" type="cond" truecount="0" falsecount="2"/>
          <line num="115" count="0" type="stmt"/>
          <line num="118" count="0" type="cond" truecount="0" falsecount="2"/>
          <line num="119" count="0" type="stmt"/>
          <line num="121" count="0" type="stmt"/>
        </file>
        <file name="charge.vue" path="F:\work-project\vue-norson-lis\src\components\charge.vue">
          <metrics statements="34" coveredstatements="0" conditionals="4" coveredconditionals="0" methods="24" coveredmethods="0"/>
          <line num="48" count="0" type="stmt"/>
          <line num="49" count="0" type="stmt"/>
          <line num="50" count="0" type="stmt"/>
          <line num="54" count="0" type="stmt"/>
          <line num="55" count="0" type="stmt"/>
          <line num="56" count="0" type="stmt"/>
          <line num="57" count="0" type="stmt"/>
          <line num="58" count="0" type="stmt"/>
          <line num="59" count="0" type="stmt"/>
          <line num="60" count="0" type="stmt"/>
          <line num="61" count="0" type="stmt"/>
          <line num="62" count="0" type="stmt"/>
          <line num="63" count="0" type="stmt"/>
          <line num="68" count="0" type="stmt"/>
          <line num="69" count="0" type="stmt"/>
          <line num="91" count="0" type="stmt"/>
          <line num="97" count="0" type="stmt"/>
          <line num="101" count="0" type="stmt"/>
          <line num="104" count="0" type="stmt"/>
          <line num="107" count="0" type="stmt"/>
          <line num="108" count="0" type="stmt"/>
          <line num="111" count="0" type="cond" truecount="0" falsecount="2"/>
          <line num="112" count="0" type="stmt"/>
          <line num="113" count="0" type="stmt"/>
          <line num="117" count="0" type="stmt"/>
          <line num="119" count="0" type="stmt"/>
          <line num="120" count="0" type="stmt"/>
          <line num="125" count="0" type="cond" truecount="0" falsecount="2"/>
          <line num="126" count="0" type="stmt"/>
          <line num="127" count="0" type="stmt"/>
          <line num="129" count="0" type="stmt"/>
          <line num="131" count="0" type="stmt"/>
          <line num="135" count="0" type="stmt"/>
          <line num="136" count="0" type="stmt"/>
        </file>
        <file name="loading.vue" path="F:\work-project\vue-norson-lis\src\components\loading.vue">
          <metrics statements="4" coveredstatements="0" conditionals="0" coveredconditionals="0" methods="3" coveredmethods="0"/>
          <line num="14" count="0" type="stmt"/>
          <line num="15" count="0" type="stmt"/>
          <line num="23" count="0" type="stmt"/>
          <line num="32" count="0" type="stmt"/>
        </file>
        <file name="table-simple.vue" path="F:\work-project\vue-norson-lis\src\components\table-simple.vue">
          <metrics statements="7" coveredstatements="0" conditionals="0" coveredconditionals="0" methods="7" coveredmethods="0"/>
          <line num="30" count="0" type="stmt"/>
          <line num="31" count="0" type="stmt"/>
          <line num="40" count="0" type="stmt"/>
          <line num="45" count="0" type="stmt"/>
          <line num="48" count="0" type="stmt"/>
          <line num="51" count="0" type="stmt"/>
          <line num="53" count="0" type="stmt"/>
        </file>
        <file name="title.vue" path="F:\work-project\vue-norson-lis\src\components\title.vue">
          <metrics statements="4" coveredstatements="0" conditionals="0" coveredconditionals="0" methods="3" coveredmethods="0"/>
          <line num="14" count="0" type="stmt"/>
          <line num="15" count="0" type="stmt"/>
          <line num="23" count="0" type="stmt"/>
          <line num="32" count="0" type="stmt"/>
        </file>
      </package>
      <package name="src.components-x">
        <metrics statements="2" coveredstatements="0" conditionals="0" coveredconditionals="0" methods="2" coveredmethods="0"/>
        <file name="loading-wraper.vue" path="F:\work-project\vue-norson-lis\src\components-x\loading-wraper.vue">
          <metrics statements="1" coveredstatements="0" conditionals="0" coveredconditionals="0" methods="1" coveredmethods="0"/>
          <line num="19" count="0" type="stmt"/>
        </file>
        <file name="loading.vue" path="F:\work-project\vue-norson-lis\src\components-x\loading.vue">
          <metrics statements="1" coveredstatements="0" conditionals="0" coveredconditionals="0" methods="1" coveredmethods="0"/>
          <line num="22" count="0" type="stmt"/>
        </file>
      </package>
      <package name="src.components.ui">
        <metrics statements="43" coveredstatements="0" conditionals="2" coveredconditionals="0" methods="20" coveredmethods="0"/>
        <file name="button.vue" path="F:\work-project\vue-norson-lis\src\components\ui\button.vue">
          <metrics statements="3" coveredstatements="0" conditionals="0" coveredconditionals="0" methods="1" coveredmethods="0"/>
          <line num="19" count="0" type="stmt"/>
          <line num="20" count="0" type="stmt"/>
          <line num="36" count="0" type="stmt"/>
        </file>
        <file name="dialog.vue" path="F:\work-project\vue-norson-lis\src\components\ui\dialog.vue">
          <metrics statements="5" coveredstatements="0" conditionals="0" coveredconditionals="0" methods="4" coveredmethods="0"/>
          <line num="17" count="0" type="stmt"/>
          <line num="18" count="0" type="stmt"/>
          <line num="26" count="0" type="stmt"/>
          <line num="34" count="0" type="stmt"/>
          <line num="35" count="0" type="stmt"/>
        </file>
        <file name="form-item.vue" path="F:\work-project\vue-norson-lis\src\components\ui\form-item.vue">
          <metrics statements="2" coveredstatements="0" conditionals="0" coveredconditionals="0" methods="0" coveredmethods="0"/>
          <line num="9" count="0" type="stmt"/>
          <line num="10" count="0" type="stmt"/>
        </file>
        <file name="form.vue" path="F:\work-project\vue-norson-lis\src\components\ui\form.vue">
          <metrics statements="3" coveredstatements="0" conditionals="0" coveredconditionals="0" methods="1" coveredmethods="0"/>
          <line num="9" count="0" type="stmt"/>
          <line num="10" count="0" type="stmt"/>
          <line num="19" count="0" type="stmt"/>
        </file>
        <file name="input.vue" path="F:\work-project\vue-norson-lis\src\components\ui\input.vue">
          <metrics statements="4" coveredstatements="0" conditionals="0" coveredconditionals="0" methods="2" coveredmethods="0"/>
          <line num="15" count="0" type="stmt"/>
          <line num="16" count="0" type="stmt"/>
          <line num="27" count="0" type="stmt"/>
          <line num="28" count="0" type="stmt"/>
        </file>
        <file name="pagination.vue" path="F:\work-project\vue-norson-lis\src\components\ui\pagination.vue">
          <metrics statements="5" coveredstatements="0" conditionals="0" coveredconditionals="0" methods="2" coveredmethods="0"/>
          <line num="19" count="0" type="stmt"/>
          <line num="20" count="0" type="stmt"/>
          <line num="24" count="0" type="stmt"/>
          <line num="28" count="0" type="stmt"/>
          <line num="29" count="0" type="stmt"/>
        </file>
        <file name="popconfirm.vue" path="F:\work-project\vue-norson-lis\src\components\ui\popconfirm.vue">
          <metrics statements="3" coveredstatements="0" conditionals="0" coveredconditionals="0" methods="1" coveredmethods="0"/>
          <line num="14" count="0" type="stmt"/>
          <line num="15" count="0" type="stmt"/>
          <line num="23" count="0" type="stmt"/>
        </file>
        <file name="table-col.vue" path="F:\work-project\vue-norson-lis\src\components\ui\table-col.vue">
          <metrics statements="2" coveredstatements="0" conditionals="0" coveredconditionals="0" methods="0" coveredmethods="0"/>
          <line num="16" count="0" type="stmt"/>
          <line num="17" count="0" type="stmt"/>
        </file>
        <file name="table.vue" path="F:\work-project\vue-norson-lis\src\components\ui\table.vue">
          <metrics statements="16" coveredstatements="0" conditionals="2" coveredconditionals="0" methods="9" coveredmethods="0"/>
          <line num="23" count="0" type="stmt"/>
          <line num="24" count="0" type="stmt"/>
          <line num="25" count="0" type="stmt"/>
          <line num="29" count="0" type="stmt"/>
          <line num="30" count="0" type="stmt"/>
          <line num="36" count="0" type="stmt"/>
          <line num="42" count="0" type="stmt"/>
          <line num="49" count="0" type="stmt"/>
          <line num="50" count="0" type="stmt"/>
          <line num="53" count="0" type="stmt"/>
          <line num="54" count="0" type="stmt"/>
          <line num="55" count="0" type="cond" truecount="0" falsecount="2"/>
          <line num="56" count="0" type="stmt"/>
          <line num="57" count="0" type="stmt"/>
          <line num="63" count="0" type="stmt"/>
          <line num="65" count="0" type="stmt"/>
        </file>
      </package>
      <package name="src.pages">
        <metrics statements="4" coveredstatements="0" conditionals="0" coveredconditionals="0" methods="5" coveredmethods="0"/>
        <file name="index.vue" path="F:\work-project\vue-norson-lis\src\pages\index.vue">
          <metrics statements="4" coveredstatements="0" conditionals="0" coveredconditionals="0" methods="5" coveredmethods="0"/>
          <line num="18" count="0" type="stmt"/>
          <line num="19" count="0" type="stmt"/>
          <line num="22" count="0" type="stmt"/>
          <line num="31" count="0" type="stmt"/>
        </file>
      </package>
    </metrics>
  </project>
</coverage>
