{"F:\\work-project\\vue-norson-lis\\src\\App.vue": {"path":"F:\\work-project\\vue-norson-lis\\src\\App.vue","statementMap":{"0":{"start":{"line":13,"column":0},"end":{"line":null,"column":-1}},"1":{"start":{"line":14,"column":0},"end":{"line":null,"column":-1}},"2":{"start":{"line":21,"column":0},"end":{"line":null,"column":-1}},"3":{"start":{"line":22,"column":0},"end":{"line":null,"column":-1}}},"fnMap":{"0":{"name":"Toast","decl":{"start":{"line":13,"column":0},"end":{"line":null,"column":-1}},"loc":{"start":{"line":13,"column":0},"end":{"line":null,"column":-1}}},"1":{"name":"Loading","decl":{"start":{"line":14,"column":0},"end":{"line":null,"column":-1}},"loc":{"start":{"line":14,"column":0},"end":{"line":null,"column":-1}}},"2":{"name":"created","decl":{"start":{"line":16,"column":0},"end":{"line":null,"column":-1}},"loc":{"start":{"line":16,"column":0},"end":{"line":null,"column":-1}}},"3":{"name":"mounted","decl":{"start":{"line":19,"column":0},"end":{"line":null,"column":-1}},"loc":{"start":{"line":19,"column":0},"end":{"line":23,"column":0}}}},"branchMap":{"0":{"loc":{"start":{"line":22,"column":0},"end":{"line":null,"column":-1}},"type":"if","locations":[{"start":{"line":22,"column":0},"end":{"line":null,"column":-1}},{"start":{"line":22,"column":0},"end":{"line":null,"column":-1}}]}},"s":{"0":0,"1":0,"2":0,"3":0},"f":{"0":0,"1":0,"2":0,"3":0},"b":{"0":[0,0]}}
,"F:\\work-project\\vue-norson-lis\\src\\router.js": {"path":"F:\\work-project\\vue-norson-lis\\src\\router.js","statementMap":{"0":{"start":{"line":1,"column":0},"end":{"line":null,"column":-1}},"1":{"start":{"line":2,"column":0},"end":{"line":null,"column":-1}},"2":{"start":{"line":4,"column":0},"end":{"line":null,"column":-1}},"3":{"start":{"line":4,"column":19},"end":{"line":4,"column":-1}},"4":{"start":{"line":4,"column":27},"end":{"line":4,"column":18}},"5":{"start":{"line":4,"column":33},"end":{"line":4,"column":56}},"6":{"start":{"line":4,"column":62},"end":{"line":4,"column":32}},"7":{"start":{"line":6,"column":15},"end":{"line":6,"column":0}},"8":{"start":{"line":14,"column":0},"end":{"line":null,"column":-1}},"9":{"start":{"line":15,"column":16},"end":{"line":15,"column":0}},"10":{"start":{"line":22,"column":0},"end":{"line":null,"column":-1}},"11":{"start":{"line":23,"column":1},"end":{"line":null,"column":-1}}},"fnMap":{"0":{"name":"(anonymous_1)","decl":{"start":{"line":4,"column":19},"end":{"line":4,"column":26}},"loc":{"start":{"line":4,"column":19},"end":{"line":4,"column":0}}},"1":{"name":"(anonymous_2)","decl":{"start":{"line":4,"column":27},"end":{"line":4,"column":32}},"loc":{"start":{"line":4,"column":27},"end":{"line":4,"column":19}}},"2":{"name":"(anonymous_3)","decl":{"start":{"line":4,"column":33},"end":{"line":4,"column":39}},"loc":{"start":{"line":4,"column":33},"end":{"line":4,"column":56}}},"3":{"name":"(anonymous_4)","decl":{"start":{"line":4,"column":62},"end":{"line":4,"column":66}},"loc":{"start":{"line":4,"column":62},"end":{"line":4,"column":33}}},"4":{"name":"(anonymous_5)","decl":{"start":{"line":22,"column":18},"end":{"line":22,"column":18}},"loc":{"start":{"line":22,"column":38},"end":{"line":22,"column":0}}}},"branchMap":{},"s":{"0":0,"1":0,"2":0,"3":0,"4":0,"5":0,"6":0,"7":0,"8":0,"9":0,"10":0,"11":0},"f":{"0":0,"1":0,"2":0,"3":0,"4":0},"b":{}}
,"F:\\work-project\\vue-norson-lis\\src\\common\\config.js": {"path":"F:\\work-project\\vue-norson-lis\\src\\common\\config.js","statementMap":{"0":{"start":{"line":2,"column":12},"end":{"line":2,"column":0}},"1":{"start":{"line":4,"column":14},"end":{"line":4,"column":0}},"2":{"start":{"line":4,"column":14},"end":{"line":4,"column":-1}},"3":{"start":{"line":6,"column":10},"end":{"line":6,"column":0}},"4":{"start":{"line":7,"column":10},"end":{"line":7,"column":0}},"5":{"start":{"line":8,"column":10},"end":{"line":8,"column":0}},"6":{"start":{"line":10,"column":0},"end":{"line":18,"column":1}},"7":{"start":{"line":11,"column":1},"end":{"line":null,"column":-1}},"8":{"start":{"line":13,"column":1},"end":{"line":17,"column":5}},"9":{"start":{"line":14,"column":8},"end":{"line":null,"column":-1}},"10":{"start":{"line":15,"column":11},"end":{"line":17,"column":5}},"11":{"start":{"line":16,"column":5},"end":{"line":null,"column":-1}},"12":{"start":{"line":20,"column":0},"end":{"line":null,"column":-1}}},"fnMap":{"0":{"name":"exist","decl":{"start":{"line":4,"column":6},"end":{"line":4,"column":14}},"loc":{"start":{"line":4,"column":14},"end":{"line":4,"column":0}}}},"branchMap":{"0":{"loc":{"start":{"line":10,"column":0},"end":{"line":18,"column":1}},"type":"if","locations":[{"start":{"line":10,"column":0},"end":{"line":18,"column":1}},{"start":{"line":10,"column":0},"end":{"line":18,"column":1}}]},"1":{"loc":{"start":{"line":13,"column":1},"end":{"line":17,"column":5}},"type":"if","locations":[{"start":{"line":13,"column":1},"end":{"line":17,"column":5}},{"start":{"line":13,"column":1},"end":{"line":17,"column":5}}]},"2":{"loc":{"start":{"line":15,"column":11},"end":{"line":17,"column":5}},"type":"if","locations":[{"start":{"line":15,"column":11},"end":{"line":17,"column":5}},{"start":{"line":15,"column":11},"end":{"line":17,"column":5}}]}},"s":{"0":0,"1":0,"2":0,"3":0,"4":0,"5":0,"6":0,"7":0,"8":0,"9":0,"10":0,"11":0,"12":0},"f":{"0":0},"b":{"0":[0,0],"1":[0,0],"2":[0,0]}}
,"F:\\work-project\\vue-norson-lis\\src\\common\\fn.js": {"path":"F:\\work-project\\vue-norson-lis\\src\\common\\fn.js","statementMap":{"0":{"start":{"line":2,"column":0},"end":{"line":null,"column":-1}},"1":{"start":{"line":8,"column":16},"end":{"line":8,"column":68}},"2":{"start":{"line":10,"column":17},"end":{"line":10,"column":75}},"3":{"start":{"line":12,"column":18},"end":{"line":12,"column":72}},"4":{"start":{"line":14,"column":15},"end":{"line":14,"column":66}},"5":{"start":{"line":16,"column":16},"end":{"line":16,"column":60}},"6":{"start":{"line":18,"column":16},"end":{"line":18,"column":68}},"7":{"start":{"line":20,"column":16},"end":{"line":20,"column":68}},"8":{"start":{"line":22,"column":15},"end":{"line":22,"column":71}},"9":{"start":{"line":23,"column":15},"end":{"line":23,"column":72}},"10":{"start":{"line":26,"column":18},"end":{"line":26,"column":2}},"11":{"start":{"line":27,"column":2},"end":{"line":27,"column":15}},"12":{"start":{"line":27,"column":15},"end":{"line":null,"column":-1}},"13":{"start":{"line":28,"column":2},"end":{"line":33,"column":3}},"14":{"start":{"line":29,"column":3},"end":{"line":null,"column":-1}},"15":{"start":{"line":30,"column":3},"end":{"line":null,"column":-1}},"16":{"start":{"line":32,"column":3},"end":{"line":null,"column":-1}},"17":{"start":{"line":36,"column":16},"end":{"line":36,"column":2}},"18":{"start":{"line":37,"column":2},"end":{"line":37,"column":13}},"19":{"start":{"line":37,"column":13},"end":{"line":null,"column":-1}},"20":{"start":{"line":38,"column":2},"end":{"line":null,"column":-1}},"21":{"start":{"line":39,"column":2},"end":{"line":null,"column":-1}},"22":{"start":{"line":40,"column":2},"end":{"line":null,"column":-1}},"23":{"start":{"line":40,"column":19},"end":{"line":40,"column":49}},"24":{"start":{"line":41,"column":2},"end":{"line":null,"column":-1}},"25":{"start":{"line":45,"column":15},"end":{"line":45,"column":2}},"26":{"start":{"line":46,"column":2},"end":{"line":51,"column":3}},"27":{"start":{"line":47,"column":3},"end":{"line":null,"column":-1}},"28":{"start":{"line":49,"column":15},"end":{"line":49,"column":3}},"29":{"start":{"line":50,"column":3},"end":{"line":null,"column":-1}},"30":{"start":{"line":54,"column":15},"end":{"line":54,"column":2}},"31":{"start":{"line":55,"column":2},"end":{"line":null,"column":-1}},"32":{"start":{"line":58,"column":8},"end":{"line":58,"column":42}},"33":{"start":{"line":59,"column":8},"end":{"line":59,"column":36}},"34":{"start":{"line":62,"column":13},"end":{"line":62,"column":2}},"35":{"start":{"line":63,"column":14},"end":{"line":63,"column":2}},"36":{"start":{"line":64,"column":2},"end":{"line":73,"column":3}},"37":{"start":{"line":65,"column":16},"end":{"line":65,"column":3}},"38":{"start":{"line":66,"column":3},"end":{"line":null,"column":-1}},"39":{"start":{"line":67,"column":3},"end":{"line":null,"column":-1}},"40":{"start":{"line":68,"column":12},"end":{"line":68,"column":4}},"41":{"start":{"line":69,"column":4},"end":{"line":71,"column":5}},"42":{"start":{"line":70,"column":5},"end":{"line":null,"column":-1}},"43":{"start":{"line":74,"column":2},"end":{"line":74,"column":28}},"44":{"start":{"line":74,"column":10},"end":{"line":74,"column":28}},"45":{"start":{"line":75,"column":2},"end":{"line":null,"column":-1}},"46":{"start":{"line":79,"column":14},"end":{"line":79,"column":2}},"47":{"start":{"line":80,"column":13},"end":{"line":80,"column":2}},"48":{"start":{"line":81,"column":11},"end":{"line":81,"column":2}},"49":{"start":{"line":83,"column":2},"end":{"line":87,"column":3}},"50":{"start":{"line":84,"column":3},"end":{"line":null,"column":-1}},"51":{"start":{"line":85,"column":8},"end":{"line":87,"column":3}},"52":{"start":{"line":86,"column":3},"end":{"line":null,"column":-1}},"53":{"start":{"line":88,"column":2},"end":{"line":null,"column":-1}},"54":{"start":{"line":92,"column":15},"end":{"line":92,"column":2}},"55":{"start":{"line":93,"column":2},"end":{"line":97,"column":3}},"56":{"start":{"line":94,"column":3},"end":{"line":null,"column":-1}},"57":{"start":{"line":96,"column":3},"end":{"line":null,"column":-1}},"58":{"start":{"line":100,"column":17},"end":{"line":100,"column":47}},"59":{"start":{"line":103,"column":2},"end":{"line":112,"column":3}},"60":{"start":{"line":104,"column":14},"end":{"line":104,"column":3}},"61":{"start":{"line":105,"column":3},"end":{"line":109,"column":4}},"62":{"start":{"line":106,"column":4},"end":{"line":null,"column":-1}},"63":{"start":{"line":108,"column":4},"end":{"line":null,"column":-1}},"64":{"start":{"line":111,"column":3},"end":{"line":null,"column":-1}}},"fnMap":{"0":{"name":"isObject","decl":{"start":{"line":3,"column":15},"end":{"line":8,"column":9}},"loc":{"start":{"line":8,"column":14},"end":{"line":3,"column":15}}},"1":{"name":"hasObject","decl":{"start":{"line":3,"column":15},"end":{"line":10,"column":10}},"loc":{"start":{"line":10,"column":15},"end":{"line":3,"column":15}}},"2":{"name":"isFunction","decl":{"start":{"line":3,"column":15},"end":{"line":12,"column":11}},"loc":{"start":{"line":12,"column":16},"end":{"line":3,"column":15}}},"3":{"name":"isArray","decl":{"start":{"line":3,"column":15},"end":{"line":14,"column":8}},"loc":{"start":{"line":14,"column":13},"end":{"line":3,"column":15}}},"4":{"name":"hasArray","decl":{"start":{"line":3,"column":15},"end":{"line":16,"column":9}},"loc":{"start":{"line":16,"column":14},"end":{"line":3,"column":15}}},"5":{"name":"isString","decl":{"start":{"line":3,"column":15},"end":{"line":18,"column":9}},"loc":{"start":{"line":18,"column":14},"end":{"line":3,"column":15}}},"6":{"name":"isNumber","decl":{"start":{"line":3,"column":15},"end":{"line":20,"column":9}},"loc":{"start":{"line":20,"column":14},"end":{"line":3,"column":15}}},"7":{"name":"isEmpty","decl":{"start":{"line":3,"column":15},"end":{"line":22,"column":8}},"loc":{"start":{"line":22,"column":13},"end":{"line":3,"column":15}}},"8":{"name":"isValid","decl":{"start":{"line":3,"column":15},"end":{"line":23,"column":8}},"loc":{"start":{"line":23,"column":13},"end":{"line":3,"column":15}}},"9":{"name":"loading","decl":{"start":{"line":3,"column":15},"end":{"line":25,"column":8}},"loc":{"start":{"line":25,"column":18},"end":{"line":3,"column":15}}},"10":{"name":"toast","decl":{"start":{"line":3,"column":15},"end":{"line":35,"column":6}},"loc":{"start":{"line":35,"column":20},"end":{"line":3,"column":15}}},"11":{"name":"(anonymous_12)","decl":{"start":{"line":40,"column":13},"end":{"line":40,"column":16}},"loc":{"start":{"line":40,"column":17},"end":{"line":40,"column":2}}},"12":{"name":"local","decl":{"start":{"line":3,"column":15},"end":{"line":44,"column":6}},"loc":{"start":{"line":44,"column":17},"end":{"line":3,"column":15}}},"13":{"name":"remove","decl":{"start":{"line":3,"column":15},"end":{"line":53,"column":7}},"loc":{"start":{"line":53,"column":13},"end":{"line":3,"column":15}}},"14":{"name":"val","decl":{"start":{"line":3,"column":15},"end":{"line":58,"column":4}},"loc":{"start":{"line":58,"column":7},"end":{"line":3,"column":15}}},"15":{"name":"nan","decl":{"start":{"line":3,"column":15},"end":{"line":59,"column":4}},"loc":{"start":{"line":59,"column":7},"end":{"line":3,"column":15}}},"16":{"name":"getQuery","decl":{"start":{"line":3,"column":15},"end":{"line":61,"column":9}},"loc":{"start":{"line":61,"column":13},"end":{"line":3,"column":15}}},"17":{"name":"(anonymous_18)","decl":{"start":{"line":67,"column":18},"end":{"line":67,"column":26}},"loc":{"start":{"line":67,"column":31},"end":{"line":67,"column":3}}},"18":{"name":"getToken","decl":{"start":{"line":3,"column":15},"end":{"line":78,"column":9}},"loc":{"start":{"line":78,"column":14},"end":{"line":3,"column":15}}},"19":{"name":"getUser","decl":{"start":{"line":3,"column":15},"end":{"line":91,"column":9}},"loc":{"start":{"line":91,"column":10},"end":{"line":3,"column":15}}},"20":{"name":"setTitle","decl":{"start":{"line":3,"column":15},"end":{"line":100,"column":9}},"loc":{"start":{"line":100,"column":15},"end":{"line":3,"column":15}}},"21":{"name":"loginTo","decl":{"start":{"line":3,"column":15},"end":{"line":102,"column":8}},"loc":{"start":{"line":102,"column":14},"end":{"line":3,"column":15}}}},"branchMap":{"0":{"loc":{"start":{"line":10,"column":24},"end":{"line":10,"column":45}},"type":"binary-expr","locations":[{"start":{"line":10,"column":24},"end":{"line":10,"column":45}},{"start":{"line":10,"column":46},"end":{"line":10,"column":17}}]},"1":{"loc":{"start":{"line":16,"column":23},"end":{"line":16,"column":43}},"type":"binary-expr","locations":[{"start":{"line":16,"column":23},"end":{"line":16,"column":43}},{"start":{"line":16,"column":44},"end":{"line":16,"column":16}}]},"2":{"loc":{"start":{"line":22,"column":22},"end":{"line":22,"column":21}},"type":"binary-expr","locations":[{"start":{"line":22,"column":22},"end":{"line":22,"column":21}},{"start":{"line":22,"column":38},"end":{"line":22,"column":22}},{"start":{"line":22,"column":59},"end":{"line":22,"column":15}}]},"3":{"loc":{"start":{"line":23,"column":22},"end":{"line":23,"column":21}},"type":"binary-expr","locations":[{"start":{"line":23,"column":22},"end":{"line":23,"column":21}},{"start":{"line":23,"column":44},"end":{"line":23,"column":22}},{"start":{"line":23,"column":57},"end":{"line":23,"column":15}}]},"4":{"loc":{"start":{"line":27,"column":2},"end":{"line":27,"column":15}},"type":"if","locations":[{"start":{"line":27,"column":2},"end":{"line":27,"column":15}},{"start":{"line":27,"column":2},"end":{"line":27,"column":15}}]},"5":{"loc":{"start":{"line":28,"column":2},"end":{"line":33,"column":3}},"type":"if","locations":[{"start":{"line":28,"column":2},"end":{"line":33,"column":3}},{"start":{"line":28,"column":2},"end":{"line":33,"column":3}}]},"6":{"loc":{"start":{"line":29,"column":56},"end":{"line":29,"column":62}},"type":"binary-expr","locations":[{"start":{"line":29,"column":56},"end":{"line":29,"column":62}},{"start":{"line":29,"column":63},"end":{"line":29,"column":3}}]},"7":{"loc":{"start":{"line":37,"column":2},"end":{"line":37,"column":13}},"type":"if","locations":[{"start":{"line":37,"column":2},"end":{"line":37,"column":13}},{"start":{"line":37,"column":2},"end":{"line":37,"column":13}}]},"8":{"loc":{"start":{"line":41,"column":2},"end":{"line":41,"column":11}},"type":"binary-expr","locations":[{"start":{"line":41,"column":2},"end":{"line":41,"column":11}},{"start":{"line":41,"column":12},"end":{"line":41,"column":2}}]},"9":{"loc":{"start":{"line":45,"column":15},"end":{"line":45,"column":22}},"type":"binary-expr","locations":[{"start":{"line":45,"column":15},"end":{"line":45,"column":22}},{"start":{"line":45,"column":23},"end":{"line":45,"column":2}}]},"10":{"loc":{"start":{"line":46,"column":2},"end":{"line":51,"column":3}},"type":"if","locations":[{"start":{"line":46,"column":2},"end":{"line":51,"column":3}},{"start":{"line":46,"column":2},"end":{"line":51,"column":3}}]},"11":{"loc":{"start":{"line":54,"column":15},"end":{"line":54,"column":22}},"type":"binary-expr","locations":[{"start":{"line":54,"column":15},"end":{"line":54,"column":22}},{"start":{"line":54,"column":23},"end":{"line":54,"column":2}}]},"12":{"loc":{"start":{"line":58,"column":33},"end":{"line":58,"column":15}},"type":"cond-expr","locations":[{"start":{"line":58,"column":33},"end":{"line":58,"column":15}},{"start":{"line":58,"column":37},"end":{"line":58,"column":8}}]},"13":{"loc":{"start":{"line":59,"column":27},"end":{"line":59,"column":15}},"type":"cond-expr","locations":[{"start":{"line":59,"column":27},"end":{"line":59,"column":15}},{"start":{"line":59,"column":31},"end":{"line":59,"column":8}}]},"14":{"loc":{"start":{"line":62,"column":13},"end":{"line":62,"column":12}},"type":"binary-expr","locations":[{"start":{"line":62,"column":13},"end":{"line":62,"column":12}},{"start":{"line":62,"column":39},"end":{"line":62,"column":2}}]},"15":{"loc":{"start":{"line":64,"column":2},"end":{"line":73,"column":3}},"type":"if","locations":[{"start":{"line":64,"column":2},"end":{"line":73,"column":3}},{"start":{"line":64,"column":2},"end":{"line":73,"column":3}}]},"16":{"loc":{"start":{"line":69,"column":4},"end":{"line":71,"column":5}},"type":"if","locations":[{"start":{"line":69,"column":4},"end":{"line":71,"column":5}},{"start":{"line":69,"column":4},"end":{"line":71,"column":5}}]},"17":{"loc":{"start":{"line":69,"column":7},"end":{"line":69,"column":6}},"type":"binary-expr","locations":[{"start":{"line":69,"column":7},"end":{"line":69,"column":6}},{"start":{"line":69,"column":29},"end":{"line":69,"column":7}},{"start":{"line":69,"column":46},"end":{"line":69,"column":4}}]},"18":{"loc":{"start":{"line":74,"column":2},"end":{"line":74,"column":28}},"type":"if","locations":[{"start":{"line":74,"column":2},"end":{"line":74,"column":28}},{"start":{"line":74,"column":2},"end":{"line":74,"column":28}}]},"19":{"loc":{"start":{"line":83,"column":2},"end":{"line":87,"column":3}},"type":"if","locations":[{"start":{"line":83,"column":2},"end":{"line":87,"column":3}},{"start":{"line":83,"column":2},"end":{"line":87,"column":3}}]},"20":{"loc":{"start":{"line":85,"column":8},"end":{"line":87,"column":3}},"type":"if","locations":[{"start":{"line":85,"column":8},"end":{"line":87,"column":3}},{"start":{"line":85,"column":8},"end":{"line":87,"column":3}}]},"21":{"loc":{"start":{"line":93,"column":2},"end":{"line":97,"column":3}},"type":"if","locations":[{"start":{"line":93,"column":2},"end":{"line":97,"column":3}},{"start":{"line":93,"column":2},"end":{"line":97,"column":3}}]},"22":{"loc":{"start":{"line":103,"column":2},"end":{"line":112,"column":3}},"type":"if","locations":[{"start":{"line":103,"column":2},"end":{"line":112,"column":3}},{"start":{"line":103,"column":2},"end":{"line":112,"column":3}}]},"23":{"loc":{"start":{"line":105,"column":3},"end":{"line":109,"column":4}},"type":"if","locations":[{"start":{"line":105,"column":3},"end":{"line":109,"column":4}},{"start":{"line":105,"column":3},"end":{"line":109,"column":4}}]}},"s":{"0":0,"1":0,"2":0,"3":0,"4":0,"5":0,"6":0,"7":0,"8":0,"9":0,"10":0,"11":0,"12":0,"13":0,"14":0,"15":0,"16":0,"17":0,"18":0,"19":0,"20":0,"21":0,"22":0,"23":0,"24":0,"25":0,"26":0,"27":0,"28":0,"29":0,"30":0,"31":0,"32":0,"33":0,"34":0,"35":0,"36":0,"37":0,"38":0,"39":0,"40":0,"41":0,"42":0,"43":0,"44":0,"45":0,"46":0,"47":0,"48":0,"49":0,"50":0,"51":0,"52":0,"53":0,"54":0,"55":0,"56":0,"57":0,"58":0,"59":0,"60":0,"61":0,"62":0,"63":0,"64":0},"f":{"0":0,"1":0,"2":0,"3":0,"4":0,"5":0,"6":0,"7":0,"8":0,"9":0,"10":0,"11":0,"12":0,"13":0,"14":0,"15":0,"16":0,"17":0,"18":0,"19":0,"20":0,"21":0},"b":{"0":[0,0],"1":[0,0],"2":[0,0,0],"3":[0,0,0],"4":[0,0],"5":[0,0],"6":[0,0],"7":[0,0],"8":[0,0],"9":[0,0],"10":[0,0],"11":[0,0],"12":[0,0],"13":[0,0],"14":[0,0],"15":[0,0],"16":[0,0],"17":[0,0,0],"18":[0,0],"19":[0,0],"20":[0,0],"21":[0,0],"22":[0,0],"23":[0,0]}}
,"F:\\work-project\\vue-norson-lis\\src\\common\\global.js": {"path":"F:\\work-project\\vue-norson-lis\\src\\common\\global.js","statementMap":{"0":{"start":{"line":2,"column":0},"end":{"line":null,"column":-1}},"1":{"start":{"line":3,"column":0},"end":{"line":null,"column":-1}},"2":{"start":{"line":4,"column":0},"end":{"line":null,"column":-1}},"3":{"start":{"line":7,"column":0},"end":{"line":null,"column":-1}},"4":{"start":{"line":8,"column":0},"end":{"line":null,"column":-1}}},"fnMap":{},"branchMap":{},"s":{"0":0,"1":0,"2":0,"3":0,"4":0},"f":{},"b":{}}
,"F:\\work-project\\vue-norson-lis\\src\\common\\http.js": {"path":"F:\\work-project\\vue-norson-lis\\src\\common\\http.js","statementMap":{"0":{"start":{"line":2,"column":0},"end":{"line":null,"column":-1}},"1":{"start":{"line":3,"column":0},"end":{"line":null,"column":-1}},"2":{"start":{"line":4,"column":0},"end":{"line":null,"column":-1}},"3":{"start":{"line":8,"column":15},"end":{"line":8,"column":0}},"4":{"start":{"line":8,"column":32},"end":{"line":8,"column":72}},"5":{"start":{"line":11,"column":15},"end":{"line":11,"column":0}},"6":{"start":{"line":12,"column":19},"end":{"line":12,"column":1}},"7":{"start":{"line":13,"column":14},"end":{"line":13,"column":1}},"8":{"start":{"line":19,"column":1},"end":{"line":null,"column":-1}},"9":{"start":{"line":27,"column":23},"end":{"line":27,"column":0}},"10":{"start":{"line":28,"column":1},"end":{"line":28,"column":26}},"11":{"start":{"line":28,"column":26},"end":{"line":null,"column":-1}},"12":{"start":{"line":29,"column":13},"end":{"line":29,"column":1}},"13":{"start":{"line":30,"column":9},"end":{"line":30,"column":1}},"14":{"start":{"line":31,"column":1},"end":{"line":33,"column":2}},"15":{"start":{"line":32,"column":2},"end":{"line":32,"column":62}},"16":{"start":{"line":32,"column":29},"end":{"line":32,"column":62}},"17":{"start":{"line":34,"column":1},"end":{"line":34,"column":78}},"18":{"start":{"line":34,"column":42},"end":{"line":34,"column":78}},"19":{"start":{"line":35,"column":1},"end":{"line":27,"column":33}},"20":{"start":{"line":42,"column":19},"end":{"line":42,"column":0}},"21":{"start":{"line":42,"column":19},"end":{"line":42,"column":-1}},"22":{"start":{"line":44,"column":16},"end":{"line":44,"column":0}},"23":{"start":{"line":45,"column":1},"end":{"line":45,"column":12}},"24":{"start":{"line":45,"column":12},"end":{"line":null,"column":-1}},"25":{"start":{"line":46,"column":13},"end":{"line":46,"column":1}},"26":{"start":{"line":47,"column":1},"end":{"line":53,"column":2}},"27":{"start":{"line":48,"column":2},"end":{"line":null,"column":-1}},"28":{"start":{"line":49,"column":7},"end":{"line":53,"column":2}},"29":{"start":{"line":50,"column":2},"end":{"line":null,"column":-1}},"30":{"start":{"line":52,"column":2},"end":{"line":null,"column":-1}},"31":{"start":{"line":54,"column":1},"end":{"line":54,"column":55}},"32":{"start":{"line":54,"column":28},"end":{"line":54,"column":55}},"33":{"start":{"line":55,"column":1},"end":{"line":null,"column":-1}},"34":{"start":{"line":68,"column":20},"end":{"line":68,"column":0}},"35":{"start":{"line":69,"column":10},"end":{"line":69,"column":1}},"36":{"start":{"line":70,"column":11},"end":{"line":70,"column":1}},"37":{"start":{"line":71,"column":12},"end":{"line":71,"column":1}},"38":{"start":{"line":72,"column":14},"end":{"line":72,"column":1}},"39":{"start":{"line":73,"column":5},"end":{"line":73,"column":1}},"40":{"start":{"line":74,"column":15},"end":{"line":74,"column":1}},"41":{"start":{"line":79,"column":1},"end":{"line":68,"column":53}},"42":{"start":{"line":81,"column":1},"end":{"line":87,"column":2}},"43":{"start":{"line":82,"column":2},"end":{"line":null,"column":-1}},"44":{"start":{"line":83,"column":2},"end":{"line":81,"column":21}},"45":{"start":{"line":85,"column":2},"end":{"line":null,"column":-1}},"46":{"start":{"line":86,"column":2},"end":{"line":84,"column":6}},"47":{"start":{"line":90,"column":1},"end":{"line":null,"column":-1}},"48":{"start":{"line":91,"column":2},"end":{"line":null,"column":-1}},"49":{"start":{"line":92,"column":14},"end":{"line":92,"column":3}},"50":{"start":{"line":93,"column":14},"end":{"line":93,"column":3}},"51":{"start":{"line":95,"column":3},"end":{"line":117,"column":4}},"52":{"start":{"line":96,"column":4},"end":{"line":null,"column":-1}},"53":{"start":{"line":97,"column":4},"end":{"line":null,"column":-1}},"54":{"start":{"line":98,"column":10},"end":{"line":117,"column":4}},"55":{"start":{"line":99,"column":4},"end":{"line":null,"column":-1}},"56":{"start":{"line":100,"column":4},"end":{"line":null,"column":-1}},"57":{"start":{"line":101,"column":4},"end":{"line":null,"column":-1}},"58":{"start":{"line":103,"column":4},"end":{"line":null,"column":-1}},"59":{"start":{"line":105,"column":4},"end":{"line":null,"column":-1}},"60":{"start":{"line":107,"column":4},"end":{"line":104,"column":8}},"61":{"start":{"line":108,"column":4},"end":{"line":104,"column":8}},"62":{"start":{"line":110,"column":4},"end":{"line":114,"column":5}},"63":{"start":{"line":111,"column":5},"end":{"line":110,"column":16}},"64":{"start":{"line":113,"column":5},"end":{"line":112,"column":9}},"65":{"start":{"line":116,"column":4},"end":{"line":null,"column":-1}},"66":{"start":{"line":118,"column":3},"end":{"line":91,"column":22}},"67":{"start":{"line":119,"column":3},"end":{"line":91,"column":22}},"68":{"start":{"line":121,"column":3},"end":{"line":121,"column":42}},"69":{"start":{"line":121,"column":20},"end":{"line":121,"column":42}},"70":{"start":{"line":122,"column":3},"end":{"line":120,"column":14}},"71":{"start":{"line":123,"column":3},"end":{"line":120,"column":14}},"72":{"start":{"line":124,"column":3},"end":{"line":120,"column":14}},"73":{"start":{"line":131,"column":13},"end":{"line":131,"column":0}},"74":{"start":{"line":131,"column":13},"end":{"line":131,"column":-1}},"75":{"start":{"line":133,"column":12},"end":{"line":133,"column":0}},"76":{"start":{"line":133,"column":12},"end":{"line":133,"column":-1}},"77":{"start":{"line":135,"column":15},"end":{"line":135,"column":0}},"78":{"start":{"line":136,"column":5},"end":{"line":136,"column":1}},"79":{"start":{"line":158,"column":1},"end":{"line":158,"column":11}},"80":{"start":{"line":158,"column":11},"end":{"line":null,"column":-1}},"81":{"start":{"line":160,"column":1},"end":{"line":null,"column":-1}},"82":{"start":{"line":162,"column":13},"end":{"line":162,"column":1}},"83":{"start":{"line":163,"column":2},"end":{"line":null,"column":-1}},"84":{"start":{"line":166,"column":1},"end":{"line":null,"column":-1}},"85":{"start":{"line":167,"column":2},"end":{"line":null,"column":-1}},"86":{"start":{"line":168,"column":17},"end":{"line":168,"column":51}},"87":{"start":{"line":170,"column":4},"end":{"line":170,"column":14}},"88":{"start":{"line":170,"column":14},"end":{"line":null,"column":-1}},"89":{"start":{"line":171,"column":4},"end":{"line":null,"column":-1}},"90":{"start":{"line":172,"column":4},"end":{"line":null,"column":-1}},"91":{"start":{"line":174,"column":35},"end":{"line":174,"column":81}},"92":{"start":{"line":181,"column":3},"end":{"line":null,"column":-1}},"93":{"start":{"line":183,"column":3},"end":{"line":192,"column":4}},"94":{"start":{"line":184,"column":4},"end":{"line":189,"column":5}},"95":{"start":{"line":185,"column":5},"end":{"line":null,"column":-1}},"96":{"start":{"line":186,"column":5},"end":{"line":null,"column":-1}},"97":{"start":{"line":188,"column":5},"end":{"line":null,"column":-1}},"98":{"start":{"line":191,"column":4},"end":{"line":null,"column":-1}},"99":{"start":{"line":194,"column":3},"end":{"line":null,"column":-1}},"100":{"start":{"line":199,"column":13},"end":{"line":199,"column":0}},"101":{"start":{"line":200,"column":5},"end":{"line":200,"column":1}},"102":{"start":{"line":215,"column":1},"end":{"line":215,"column":11}},"103":{"start":{"line":215,"column":11},"end":{"line":null,"column":-1}},"104":{"start":{"line":216,"column":1},"end":{"line":null,"column":-1}},"105":{"start":{"line":219,"column":14},"end":{"line":219,"column":1}},"106":{"start":{"line":221,"column":1},"end":{"line":232,"column":2}},"107":{"start":{"line":222,"column":2},"end":{"line":null,"column":-1}},"108":{"start":{"line":226,"column":7},"end":{"line":232,"column":2}},"109":{"start":{"line":227,"column":2},"end":{"line":null,"column":-1}},"110":{"start":{"line":234,"column":1},"end":{"line":null,"column":-1}},"111":{"start":{"line":235,"column":2},"end":{"line":null,"column":-1}},"112":{"start":{"line":236,"column":17},"end":{"line":236,"column":51}},"113":{"start":{"line":238,"column":4},"end":{"line":238,"column":14}},"114":{"start":{"line":238,"column":14},"end":{"line":null,"column":-1}},"115":{"start":{"line":239,"column":4},"end":{"line":null,"column":-1}},"116":{"start":{"line":240,"column":4},"end":{"line":null,"column":-1}},"117":{"start":{"line":242,"column":35},"end":{"line":242,"column":81}},"118":{"start":{"line":246,"column":4},"end":{"line":null,"column":-1}},"119":{"start":{"line":247,"column":4},"end":{"line":null,"column":-1}},"120":{"start":{"line":249,"column":4},"end":{"line":249,"column":42}},"121":{"start":{"line":249,"column":22},"end":{"line":249,"column":42}},"122":{"start":{"line":253,"column":3},"end":{"line":270,"column":4}},"123":{"start":{"line":254,"column":4},"end":{"line":256,"column":5}},"124":{"start":{"line":255,"column":5},"end":{"line":null,"column":-1}},"125":{"start":{"line":258,"column":4},"end":{"line":260,"column":5}},"126":{"start":{"line":259,"column":5},"end":{"line":null,"column":-1}},"127":{"start":{"line":262,"column":4},"end":{"line":264,"column":5}},"128":{"start":{"line":263,"column":5},"end":{"line":263,"column":15}},"129":{"start":{"line":263,"column":15},"end":{"line":null,"column":-1}},"130":{"start":{"line":266,"column":4},"end":{"line":null,"column":-1}},"131":{"start":{"line":268,"column":16},"end":{"line":268,"column":4}},"132":{"start":{"line":269,"column":4},"end":{"line":null,"column":-1}},"133":{"start":{"line":276,"column":15},"end":{"line":276,"column":0}},"134":{"start":{"line":277,"column":11},"end":{"line":277,"column":1}},"135":{"start":{"line":287,"column":1},"end":{"line":276,"column":35}},"136":{"start":{"line":289,"column":28},"end":{"line":276,"column":35}},"137":{"start":{"line":276,"column":35},"end":{"line":276,"column":34}},"138":{"start":{"line":290,"column":7},"end":{"line":290,"column":1}},"139":{"start":{"line":295,"column":1},"end":{"line":null,"column":-1}},"140":{"start":{"line":296,"column":1},"end":{"line":null,"column":-1}},"141":{"start":{"line":299,"column":14},"end":{"line":299,"column":1}},"142":{"start":{"line":301,"column":1},"end":{"line":312,"column":2}},"143":{"start":{"line":302,"column":2},"end":{"line":null,"column":-1}},"144":{"start":{"line":306,"column":7},"end":{"line":312,"column":2}},"145":{"start":{"line":307,"column":2},"end":{"line":null,"column":-1}},"146":{"start":{"line":314,"column":1},"end":{"line":null,"column":-1}},"147":{"start":{"line":315,"column":2},"end":{"line":null,"column":-1}},"148":{"start":{"line":316,"column":17},"end":{"line":316,"column":51}},"149":{"start":{"line":317,"column":15},"end":{"line":317,"column":47}},"150":{"start":{"line":325,"column":3},"end":{"line":null,"column":-1}},"151":{"start":{"line":332,"column":3},"end":{"line":336,"column":4}},"152":{"start":{"line":334,"column":4},"end":{"line":null,"column":-1}},"153":{"start":{"line":335,"column":4},"end":{"line":null,"column":-1}},"154":{"start":{"line":337,"column":3},"end":{"line":null,"column":-1}}},"fnMap":{"0":{"name":"logMsg","decl":{"start":{"line":8,"column":6},"end":{"line":8,"column":15}},"loc":{"start":{"line":8,"column":30},"end":{"line":8,"column":0}}},"1":{"name":"config","decl":{"start":{"line":11,"column":6},"end":{"line":11,"column":15}},"loc":{"start":{"line":11,"column":22},"end":{"line":11,"column":0}}},"2":{"name":"serializeParam","decl":{"start":{"line":27,"column":6},"end":{"line":27,"column":23}},"loc":{"start":{"line":27,"column":33},"end":{"line":27,"column":0}}},"3":{"name":"manageBody","decl":{"start":{"line":42,"column":6},"end":{"line":42,"column":19}},"loc":{"start":{"line":42,"column":19},"end":{"line":42,"column":0}}},"4":{"name":"setType","decl":{"start":{"line":44,"column":6},"end":{"line":44,"column":16}},"loc":{"start":{"line":44,"column":36},"end":{"line":44,"column":0}}},"5":{"name":"coreRequest","decl":{"start":{"line":68,"column":6},"end":{"line":68,"column":20}},"loc":{"start":{"line":68,"column":53},"end":{"line":68,"column":0}}},"6":{"name":"(anonymous_7)","decl":{"start":{"line":90,"column":20},"end":{"line":90,"column":20}},"loc":{"start":{"line":90,"column":41},"end":{"line":90,"column":8}}},"7":{"name":"(anonymous_8)","decl":{"start":{"line":91,"column":15},"end":{"line":91,"column":21}},"loc":{"start":{"line":91,"column":22},"end":{"line":91,"column":2}}},"8":{"name":"(anonymous_9)","decl":{"start":{"line":120,"column":5},"end":{"line":120,"column":5}},"loc":{"start":{"line":120,"column":14},"end":{"line":91,"column":2}}},"9":{"name":"post","decl":{"start":{"line":131,"column":6},"end":{"line":131,"column":13}},"loc":{"start":{"line":131,"column":13},"end":{"line":131,"column":0}}},"10":{"name":"get","decl":{"start":{"line":133,"column":6},"end":{"line":133,"column":12}},"loc":{"start":{"line":133,"column":12},"end":{"line":133,"column":0}}},"11":{"name":"submit","decl":{"start":{"line":135,"column":6},"end":{"line":135,"column":15}},"loc":{"start":{"line":135,"column":35},"end":{"line":135,"column":0}}},"12":{"name":"run","decl":{"start":{"line":162,"column":7},"end":{"line":162,"column":13}},"loc":{"start":{"line":162,"column":17},"end":{"line":162,"column":1}}},"13":{"name":"(anonymous_14)","decl":{"start":{"line":166,"column":20},"end":{"line":166,"column":20}},"loc":{"start":{"line":166,"column":39},"end":{"line":166,"column":8}}},"14":{"name":"onStart","decl":{"start":{"line":168,"column":11},"end":{"line":168,"column":14}},"loc":{"start":{"line":168,"column":15},"end":{"line":167,"column":21}}},"15":{"name":"onEnd","decl":{"start":{"line":169,"column":9},"end":{"line":169,"column":12}},"loc":{"start":{"line":169,"column":13},"end":{"line":167,"column":21}}},"16":{"name":"(anonymous_17)","decl":{"start":{"line":174,"column":25},"end":{"line":174,"column":32}},"loc":{"start":{"line":174,"column":33},"end":{"line":167,"column":21}}},"17":{"name":"(anonymous_18)","decl":{"start":{"line":180,"column":10},"end":{"line":180,"column":15}},"loc":{"start":{"line":180,"column":16},"end":{"line":167,"column":2}}},"18":{"name":"(anonymous_19)","decl":{"start":{"line":193,"column":4},"end":{"line":193,"column":9}},"loc":{"start":{"line":193,"column":10},"end":{"line":167,"column":2}}},"19":{"name":"pull","decl":{"start":{"line":199,"column":6},"end":{"line":199,"column":13}},"loc":{"start":{"line":199,"column":33},"end":{"line":199,"column":0}}},"20":{"name":"(anonymous_21)","decl":{"start":{"line":234,"column":20},"end":{"line":234,"column":20}},"loc":{"start":{"line":234,"column":38},"end":{"line":234,"column":8}}},"21":{"name":"onStart","decl":{"start":{"line":236,"column":11},"end":{"line":236,"column":14}},"loc":{"start":{"line":236,"column":15},"end":{"line":235,"column":20}}},"22":{"name":"onEnd","decl":{"start":{"line":237,"column":9},"end":{"line":237,"column":12}},"loc":{"start":{"line":237,"column":13},"end":{"line":235,"column":20}}},"23":{"name":"(anonymous_24)","decl":{"start":{"line":242,"column":25},"end":{"line":242,"column":32}},"loc":{"start":{"line":242,"column":33},"end":{"line":235,"column":20}}},"24":{"name":"onError","decl":{"start":{"line":244,"column":11},"end":{"line":244,"column":14}},"loc":{"start":{"line":244,"column":15},"end":{"line":235,"column":20}}},"25":{"name":"(anonymous_26)","decl":{"start":{"line":252,"column":10},"end":{"line":252,"column":15}},"loc":{"start":{"line":252,"column":16},"end":{"line":235,"column":2}}},"26":{"name":"paging","decl":{"start":{"line":276,"column":6},"end":{"line":276,"column":15}},"loc":{"start":{"line":276,"column":35},"end":{"line":276,"column":0}}},"27":{"name":"(anonymous_28)","decl":{"start":{"line":314,"column":20},"end":{"line":314,"column":20}},"loc":{"start":{"line":314,"column":31},"end":{"line":314,"column":8}}},"28":{"name":"onStart","decl":{"start":{"line":316,"column":11},"end":{"line":316,"column":14}},"loc":{"start":{"line":316,"column":15},"end":{"line":315,"column":17}}},"29":{"name":"onEnd","decl":{"start":{"line":317,"column":9},"end":{"line":317,"column":12}},"loc":{"start":{"line":317,"column":13},"end":{"line":315,"column":17}}},"30":{"name":"(anonymous_31)","decl":{"start":{"line":324,"column":10},"end":{"line":324,"column":15}},"loc":{"start":{"line":324,"column":16},"end":{"line":315,"column":2}}}},"branchMap":{"0":{"loc":{"start":{"line":8,"column":32},"end":{"line":8,"column":31}},"type":"binary-expr","locations":[{"start":{"line":8,"column":32},"end":{"line":8,"column":31}},{"start":{"line":8,"column":46},"end":{"line":8,"column":32}}]},"1":{"loc":{"start":{"line":12,"column":32},"end":{"line":12,"column":19}},"type":"cond-expr","locations":[{"start":{"line":12,"column":32},"end":{"line":12,"column":19}},{"start":{"line":12,"column":56},"end":{"line":12,"column":1}}]},"2":{"loc":{"start":{"line":14,"column":2},"end":{"line":13,"column":14}},"type":"cond-expr","locations":[{"start":{"line":14,"column":2},"end":{"line":13,"column":14}},{"start":{"line":15,"column":2},"end":{"line":13,"column":1}}]},"3":{"loc":{"start":{"line":28,"column":1},"end":{"line":28,"column":26}},"type":"if","locations":[{"start":{"line":28,"column":1},"end":{"line":28,"column":26}},{"start":{"line":28,"column":1},"end":{"line":28,"column":26}}]},"4":{"loc":{"start":{"line":32,"column":2},"end":{"line":32,"column":62}},"type":"if","locations":[{"start":{"line":32,"column":2},"end":{"line":32,"column":62}},{"start":{"line":32,"column":2},"end":{"line":32,"column":62}}]},"5":{"loc":{"start":{"line":34,"column":1},"end":{"line":34,"column":78}},"type":"if","locations":[{"start":{"line":34,"column":1},"end":{"line":34,"column":78}},{"start":{"line":34,"column":1},"end":{"line":34,"column":78}}]},"6":{"loc":{"start":{"line":42,"column":50},"end":{"line":42,"column":27}},"type":"cond-expr","locations":[{"start":{"line":42,"column":50},"end":{"line":42,"column":27}},{"start":{"line":42,"column":59},"end":{"line":42,"column":19}}]},"7":{"loc":{"start":{"line":45,"column":1},"end":{"line":45,"column":12}},"type":"if","locations":[{"start":{"line":45,"column":1},"end":{"line":45,"column":12}},{"start":{"line":45,"column":1},"end":{"line":45,"column":12}}]},"8":{"loc":{"start":{"line":47,"column":1},"end":{"line":53,"column":2}},"type":"if","locations":[{"start":{"line":47,"column":1},"end":{"line":53,"column":2}},{"start":{"line":47,"column":1},"end":{"line":53,"column":2}}]},"9":{"loc":{"start":{"line":49,"column":7},"end":{"line":53,"column":2}},"type":"if","locations":[{"start":{"line":49,"column":7},"end":{"line":53,"column":2}},{"start":{"line":49,"column":7},"end":{"line":53,"column":2}}]},"10":{"loc":{"start":{"line":54,"column":1},"end":{"line":54,"column":55}},"type":"if","locations":[{"start":{"line":54,"column":1},"end":{"line":54,"column":55}},{"start":{"line":54,"column":1},"end":{"line":54,"column":55}}]},"11":{"loc":{"start":{"line":69,"column":10},"end":{"line":69,"column":20}},"type":"binary-expr","locations":[{"start":{"line":69,"column":10},"end":{"line":69,"column":20}},{"start":{"line":69,"column":21},"end":{"line":69,"column":1}}]},"12":{"loc":{"start":{"line":70,"column":40},"end":{"line":70,"column":11}},"type":"cond-expr","locations":[{"start":{"line":70,"column":40},"end":{"line":70,"column":11}},{"start":{"line":70,"column":46},"end":{"line":70,"column":1}}]},"13":{"loc":{"start":{"line":79,"column":1},"end":{"line":79,"column":30}},"type":"binary-expr","locations":[{"start":{"line":79,"column":1},"end":{"line":79,"column":30}},{"start":{"line":79,"column":31},"end":{"line":79,"column":1}}]},"14":{"loc":{"start":{"line":81,"column":1},"end":{"line":87,"column":2}},"type":"if","locations":[{"start":{"line":81,"column":1},"end":{"line":87,"column":2}},{"start":{"line":81,"column":1},"end":{"line":87,"column":2}}]},"15":{"loc":{"start":{"line":85,"column":36},"end":{"line":85,"column":12}},"type":"cond-expr","locations":[{"start":{"line":85,"column":36},"end":{"line":85,"column":12}},{"start":{"line":85,"column":69},"end":{"line":85,"column":2}}]},"16":{"loc":{"start":{"line":85,"column":12},"end":{"line":85,"column":11}},"type":"binary-expr","locations":[{"start":{"line":85,"column":12},"end":{"line":85,"column":11}},{"start":{"line":85,"column":23},"end":{"line":85,"column":12}}]},"17":{"loc":{"start":{"line":86,"column":72},"end":{"line":86,"column":49}},"type":"cond-expr","locations":[{"start":{"line":86,"column":72},"end":{"line":86,"column":49}},{"start":{"line":86,"column":95},"end":{"line":86,"column":9}}]},"18":{"loc":{"start":{"line":86,"column":49},"end":{"line":86,"column":48}},"type":"binary-expr","locations":[{"start":{"line":86,"column":49},"end":{"line":86,"column":48}},{"start":{"line":86,"column":60},"end":{"line":86,"column":49}}]},"19":{"loc":{"start":{"line":95,"column":3},"end":{"line":117,"column":4}},"type":"if","locations":[{"start":{"line":95,"column":3},"end":{"line":117,"column":4}},{"start":{"line":95,"column":3},"end":{"line":117,"column":4}}]},"20":{"loc":{"start":{"line":98,"column":10},"end":{"line":117,"column":4}},"type":"if","locations":[{"start":{"line":98,"column":10},"end":{"line":117,"column":4}},{"start":{"line":98,"column":10},"end":{"line":117,"column":4}}]},"21":{"loc":{"start":{"line":107,"column":4},"end":{"line":107,"column":33}},"type":"binary-expr","locations":[{"start":{"line":107,"column":4},"end":{"line":107,"column":33}},{"start":{"line":107,"column":34},"end":{"line":107,"column":4}}]},"22":{"loc":{"start":{"line":108,"column":4},"end":{"line":108,"column":32}},"type":"binary-expr","locations":[{"start":{"line":108,"column":4},"end":{"line":108,"column":32}},{"start":{"line":108,"column":33},"end":{"line":108,"column":4}}]},"23":{"loc":{"start":{"line":110,"column":4},"end":{"line":114,"column":5}},"type":"if","locations":[{"start":{"line":110,"column":4},"end":{"line":114,"column":5}},{"start":{"line":110,"column":4},"end":{"line":114,"column":5}}]},"24":{"loc":{"start":{"line":111,"column":5},"end":{"line":111,"column":32}},"type":"binary-expr","locations":[{"start":{"line":111,"column":5},"end":{"line":111,"column":32}},{"start":{"line":111,"column":33},"end":{"line":111,"column":5}}]},"25":{"loc":{"start":{"line":118,"column":3},"end":{"line":118,"column":30}},"type":"binary-expr","locations":[{"start":{"line":118,"column":3},"end":{"line":118,"column":30}},{"start":{"line":118,"column":31},"end":{"line":118,"column":3}}]},"26":{"loc":{"start":{"line":119,"column":3},"end":{"line":119,"column":34}},"type":"binary-expr","locations":[{"start":{"line":119,"column":3},"end":{"line":119,"column":34}},{"start":{"line":119,"column":35},"end":{"line":119,"column":3}}]},"27":{"loc":{"start":{"line":121,"column":3},"end":{"line":121,"column":42}},"type":"if","locations":[{"start":{"line":121,"column":3},"end":{"line":121,"column":42}},{"start":{"line":121,"column":3},"end":{"line":121,"column":42}}]},"28":{"loc":{"start":{"line":122,"column":3},"end":{"line":122,"column":31}},"type":"binary-expr","locations":[{"start":{"line":122,"column":3},"end":{"line":122,"column":31}},{"start":{"line":122,"column":32},"end":{"line":122,"column":3}}]},"29":{"loc":{"start":{"line":123,"column":3},"end":{"line":123,"column":33}},"type":"binary-expr","locations":[{"start":{"line":123,"column":3},"end":{"line":123,"column":33}},{"start":{"line":123,"column":34},"end":{"line":123,"column":3}}]},"30":{"loc":{"start":{"line":124,"column":3},"end":{"line":124,"column":30}},"type":"binary-expr","locations":[{"start":{"line":124,"column":3},"end":{"line":124,"column":30}},{"start":{"line":124,"column":31},"end":{"line":124,"column":3}}]},"31":{"loc":{"start":{"line":158,"column":1},"end":{"line":158,"column":11}},"type":"if","locations":[{"start":{"line":158,"column":1},"end":{"line":158,"column":11}},{"start":{"line":158,"column":1},"end":{"line":158,"column":11}}]},"32":{"loc":{"start":{"line":160,"column":1},"end":{"line":160,"column":0}},"type":"binary-expr","locations":[{"start":{"line":160,"column":1},"end":{"line":160,"column":0}},{"start":{"line":160,"column":16},"end":{"line":160,"column":1}}]},"33":{"loc":{"start":{"line":163,"column":2},"end":{"line":163,"column":1}},"type":"binary-expr","locations":[{"start":{"line":163,"column":2},"end":{"line":163,"column":1}},{"start":{"line":163,"column":19},"end":{"line":163,"column":2}}]},"34":{"loc":{"start":{"line":168,"column":17},"end":{"line":168,"column":16}},"type":"binary-expr","locations":[{"start":{"line":168,"column":17},"end":{"line":168,"column":16}},{"start":{"line":168,"column":32},"end":{"line":168,"column":17}}]},"35":{"loc":{"start":{"line":170,"column":4},"end":{"line":170,"column":14}},"type":"if","locations":[{"start":{"line":170,"column":4},"end":{"line":170,"column":14}},{"start":{"line":170,"column":4},"end":{"line":170,"column":14}}]},"36":{"loc":{"start":{"line":171,"column":4},"end":{"line":171,"column":3}},"type":"binary-expr","locations":[{"start":{"line":171,"column":4},"end":{"line":171,"column":3}},{"start":{"line":171,"column":19},"end":{"line":171,"column":4}}]},"37":{"loc":{"start":{"line":172,"column":4},"end":{"line":172,"column":3}},"type":"binary-expr","locations":[{"start":{"line":172,"column":4},"end":{"line":172,"column":3}},{"start":{"line":172,"column":17},"end":{"line":172,"column":4}}]},"38":{"loc":{"start":{"line":174,"column":10},"end":{"line":174,"column":9}},"type":"binary-expr","locations":[{"start":{"line":174,"column":10},"end":{"line":174,"column":9}},{"start":{"line":174,"column":25},"end":{"line":167,"column":21}}]},"39":{"loc":{"start":{"line":174,"column":35},"end":{"line":174,"column":63}},"type":"binary-expr","locations":[{"start":{"line":174,"column":35},"end":{"line":174,"column":63}},{"start":{"line":174,"column":64},"end":{"line":174,"column":35}}]},"40":{"loc":{"start":{"line":183,"column":3},"end":{"line":192,"column":4}},"type":"if","locations":[{"start":{"line":183,"column":3},"end":{"line":192,"column":4}},{"start":{"line":183,"column":3},"end":{"line":192,"column":4}}]},"41":{"loc":{"start":{"line":184,"column":4},"end":{"line":189,"column":5}},"type":"if","locations":[{"start":{"line":184,"column":4},"end":{"line":189,"column":5}},{"start":{"line":184,"column":4},"end":{"line":189,"column":5}}]},"42":{"loc":{"start":{"line":215,"column":1},"end":{"line":215,"column":11}},"type":"if","locations":[{"start":{"line":215,"column":1},"end":{"line":215,"column":11}},{"start":{"line":215,"column":1},"end":{"line":215,"column":11}}]},"43":{"loc":{"start":{"line":216,"column":1},"end":{"line":216,"column":0}},"type":"binary-expr","locations":[{"start":{"line":216,"column":1},"end":{"line":216,"column":0}},{"start":{"line":216,"column":16},"end":{"line":216,"column":1}}]},"44":{"loc":{"start":{"line":221,"column":1},"end":{"line":232,"column":2}},"type":"if","locations":[{"start":{"line":221,"column":1},"end":{"line":232,"column":2}},{"start":{"line":221,"column":1},"end":{"line":232,"column":2}}]},"45":{"loc":{"start":{"line":226,"column":7},"end":{"line":232,"column":2}},"type":"if","locations":[{"start":{"line":226,"column":7},"end":{"line":232,"column":2}},{"start":{"line":226,"column":7},"end":{"line":232,"column":2}}]},"46":{"loc":{"start":{"line":236,"column":17},"end":{"line":236,"column":16}},"type":"binary-expr","locations":[{"start":{"line":236,"column":17},"end":{"line":236,"column":16}},{"start":{"line":236,"column":32},"end":{"line":236,"column":17}}]},"47":{"loc":{"start":{"line":238,"column":4},"end":{"line":238,"column":14}},"type":"if","locations":[{"start":{"line":238,"column":4},"end":{"line":238,"column":14}},{"start":{"line":238,"column":4},"end":{"line":238,"column":14}}]},"48":{"loc":{"start":{"line":239,"column":4},"end":{"line":239,"column":3}},"type":"binary-expr","locations":[{"start":{"line":239,"column":4},"end":{"line":239,"column":3}},{"start":{"line":239,"column":19},"end":{"line":239,"column":4}}]},"49":{"loc":{"start":{"line":240,"column":4},"end":{"line":240,"column":3}},"type":"binary-expr","locations":[{"start":{"line":240,"column":4},"end":{"line":240,"column":3}},{"start":{"line":240,"column":17},"end":{"line":240,"column":4}}]},"50":{"loc":{"start":{"line":242,"column":10},"end":{"line":242,"column":9}},"type":"binary-expr","locations":[{"start":{"line":242,"column":10},"end":{"line":242,"column":9}},{"start":{"line":242,"column":25},"end":{"line":235,"column":20}}]},"51":{"loc":{"start":{"line":242,"column":35},"end":{"line":242,"column":63}},"type":"binary-expr","locations":[{"start":{"line":242,"column":35},"end":{"line":242,"column":63}},{"start":{"line":242,"column":64},"end":{"line":242,"column":35}}]},"52":{"loc":{"start":{"line":247,"column":4},"end":{"line":247,"column":3}},"type":"binary-expr","locations":[{"start":{"line":247,"column":4},"end":{"line":247,"column":3}},{"start":{"line":247,"column":19},"end":{"line":247,"column":4}}]},"53":{"loc":{"start":{"line":249,"column":4},"end":{"line":249,"column":42}},"type":"if","locations":[{"start":{"line":249,"column":4},"end":{"line":249,"column":42}},{"start":{"line":249,"column":4},"end":{"line":249,"column":42}}]},"54":{"loc":{"start":{"line":253,"column":3},"end":{"line":270,"column":4}},"type":"if","locations":[{"start":{"line":253,"column":3},"end":{"line":270,"column":4}},{"start":{"line":253,"column":3},"end":{"line":270,"column":4}}]},"55":{"loc":{"start":{"line":254,"column":4},"end":{"line":256,"column":5}},"type":"if","locations":[{"start":{"line":254,"column":4},"end":{"line":256,"column":5}},{"start":{"line":254,"column":4},"end":{"line":256,"column":5}}]},"56":{"loc":{"start":{"line":258,"column":4},"end":{"line":260,"column":5}},"type":"if","locations":[{"start":{"line":258,"column":4},"end":{"line":260,"column":5}},{"start":{"line":258,"column":4},"end":{"line":260,"column":5}}]},"57":{"loc":{"start":{"line":262,"column":4},"end":{"line":264,"column":5}},"type":"if","locations":[{"start":{"line":262,"column":4},"end":{"line":264,"column":5}},{"start":{"line":262,"column":4},"end":{"line":264,"column":5}}]},"58":{"loc":{"start":{"line":263,"column":5},"end":{"line":263,"column":15}},"type":"if","locations":[{"start":{"line":263,"column":5},"end":{"line":263,"column":15}},{"start":{"line":263,"column":5},"end":{"line":263,"column":15}}]},"59":{"loc":{"start":{"line":287,"column":19},"end":{"line":287,"column":28}},"type":"binary-expr","locations":[{"start":{"line":287,"column":19},"end":{"line":287,"column":28}},{"start":{"line":287,"column":29},"end":{"line":287,"column":1}}]},"60":{"loc":{"start":{"line":289,"column":28},"end":{"line":289,"column":27}},"type":"binary-expr","locations":[{"start":{"line":289,"column":28},"end":{"line":289,"column":27}},{"start":{"line":289,"column":41},"end":{"line":276,"column":35}}]},"61":{"loc":{"start":{"line":291,"column":8},"end":{"line":291,"column":15}},"type":"binary-expr","locations":[{"start":{"line":291,"column":8},"end":{"line":291,"column":15}},{"start":{"line":291,"column":16},"end":{"line":290,"column":7}}]},"62":{"loc":{"start":{"line":292,"column":9},"end":{"line":292,"column":20}},"type":"binary-expr","locations":[{"start":{"line":292,"column":9},"end":{"line":292,"column":20}},{"start":{"line":292,"column":21},"end":{"line":290,"column":7}}]},"63":{"loc":{"start":{"line":301,"column":1},"end":{"line":312,"column":2}},"type":"if","locations":[{"start":{"line":301,"column":1},"end":{"line":312,"column":2}},{"start":{"line":301,"column":1},"end":{"line":312,"column":2}}]},"64":{"loc":{"start":{"line":306,"column":7},"end":{"line":312,"column":2}},"type":"if","locations":[{"start":{"line":306,"column":7},"end":{"line":312,"column":2}},{"start":{"line":306,"column":7},"end":{"line":312,"column":2}}]},"65":{"loc":{"start":{"line":316,"column":17},"end":{"line":316,"column":16}},"type":"binary-expr","locations":[{"start":{"line":316,"column":17},"end":{"line":316,"column":16}},{"start":{"line":316,"column":32},"end":{"line":316,"column":17}}]},"66":{"loc":{"start":{"line":317,"column":15},"end":{"line":317,"column":14}},"type":"binary-expr","locations":[{"start":{"line":317,"column":15},"end":{"line":317,"column":14}},{"start":{"line":317,"column":30},"end":{"line":317,"column":15}}]},"67":{"loc":{"start":{"line":332,"column":3},"end":{"line":336,"column":4}},"type":"if","locations":[{"start":{"line":332,"column":3},"end":{"line":336,"column":4}},{"start":{"line":332,"column":3},"end":{"line":336,"column":4}}]},"68":{"loc":{"start":{"line":337,"column":3},"end":{"line":337,"column":2}},"type":"binary-expr","locations":[{"start":{"line":337,"column":3},"end":{"line":337,"column":2}},{"start":{"line":337,"column":19},"end":{"line":337,"column":3}}]}},"s":{"0":0,"1":0,"2":0,"3":0,"4":0,"5":0,"6":0,"7":0,"8":0,"9":0,"10":0,"11":0,"12":0,"13":0,"14":0,"15":0,"16":0,"17":0,"18":0,"19":0,"20":0,"21":0,"22":0,"23":0,"24":0,"25":0,"26":0,"27":0,"28":0,"29":0,"30":0,"31":0,"32":0,"33":0,"34":0,"35":0,"36":0,"37":0,"38":0,"39":0,"40":0,"41":0,"42":0,"43":0,"44":0,"45":0,"46":0,"47":0,"48":0,"49":0,"50":0,"51":0,"52":0,"53":0,"54":0,"55":0,"56":0,"57":0,"58":0,"59":0,"60":0,"61":0,"62":0,"63":0,"64":0,"65":0,"66":0,"67":0,"68":0,"69":0,"70":0,"71":0,"72":0,"73":0,"74":0,"75":0,"76":0,"77":0,"78":0,"79":0,"80":0,"81":0,"82":0,"83":0,"84":0,"85":0,"86":0,"87":0,"88":0,"89":0,"90":0,"91":0,"92":0,"93":0,"94":0,"95":0,"96":0,"97":0,"98":0,"99":0,"100":0,"101":0,"102":0,"103":0,"104":0,"105":0,"106":0,"107":0,"108":0,"109":0,"110":0,"111":0,"112":0,"113":0,"114":0,"115":0,"116":0,"117":0,"118":0,"119":0,"120":0,"121":0,"122":0,"123":0,"124":0,"125":0,"126":0,"127":0,"128":0,"129":0,"130":0,"131":0,"132":0,"133":0,"134":0,"135":0,"136":0,"137":0,"138":0,"139":0,"140":0,"141":0,"142":0,"143":0,"144":0,"145":0,"146":0,"147":0,"148":0,"149":0,"150":0,"151":0,"152":0,"153":0,"154":0},"f":{"0":0,"1":0,"2":0,"3":0,"4":0,"5":0,"6":0,"7":0,"8":0,"9":0,"10":0,"11":0,"12":0,"13":0,"14":0,"15":0,"16":0,"17":0,"18":0,"19":0,"20":0,"21":0,"22":0,"23":0,"24":0,"25":0,"26":0,"27":0,"28":0,"29":0,"30":0},"b":{"0":[0,0],"1":[0,0],"2":[0,0],"3":[0,0],"4":[0,0],"5":[0,0],"6":[0,0],"7":[0,0],"8":[0,0],"9":[0,0],"10":[0,0],"11":[0,0],"12":[0,0],"13":[0,0],"14":[0,0],"15":[0,0],"16":[0,0],"17":[0,0],"18":[0,0],"19":[0,0],"20":[0,0],"21":[0,0],"22":[0,0],"23":[0,0],"24":[0,0],"25":[0,0],"26":[0,0],"27":[0,0],"28":[0,0],"29":[0,0],"30":[0,0],"31":[0,0],"32":[0,0],"33":[0,0],"34":[0,0],"35":[0,0],"36":[0,0],"37":[0,0],"38":[0,0],"39":[0,0],"40":[0,0],"41":[0,0],"42":[0,0],"43":[0,0],"44":[0,0],"45":[0,0],"46":[0,0],"47":[0,0],"48":[0,0],"49":[0,0],"50":[0,0],"51":[0,0],"52":[0,0],"53":[0,0],"54":[0,0],"55":[0,0],"56":[0,0],"57":[0,0],"58":[0,0],"59":[0,0],"60":[0,0],"61":[0,0],"62":[0,0],"63":[0,0],"64":[0,0],"65":[0,0],"66":[0,0],"67":[0,0],"68":[0,0]}}
,"F:\\work-project\\vue-norson-lis\\src\\common\\localStorage.js": {"path":"F:\\work-project\\vue-norson-lis\\src\\common\\localStorage.js","statementMap":{"0":{"start":{"line":2,"column":0},"end":{"line":null,"column":-1}},"1":{"start":{"line":6,"column":11},"end":{"line":6,"column":2}},"2":{"start":{"line":8,"column":2},"end":{"line":10,"column":3}},"3":{"start":{"line":9,"column":3},"end":{"line":null,"column":-1}},"4":{"start":{"line":11,"column":2},"end":{"line":null,"column":-1}},"5":{"start":{"line":15,"column":10},"end":{"line":15,"column":2}},"6":{"start":{"line":16,"column":2},"end":{"line":24,"column":3}},"7":{"start":{"line":17,"column":3},"end":{"line":21,"column":4}},"8":{"start":{"line":18,"column":4},"end":{"line":null,"column":-1}},"9":{"start":{"line":20,"column":4},"end":{"line":null,"column":-1}},"10":{"start":{"line":23,"column":3},"end":{"line":null,"column":-1}},"11":{"start":{"line":28,"column":2},"end":{"line":34,"column":3}},"12":{"start":{"line":29,"column":3},"end":{"line":null,"column":-1}},"13":{"start":{"line":30,"column":4},"end":{"line":null,"column":-1}},"14":{"start":{"line":33,"column":3},"end":{"line":null,"column":-1}}},"fnMap":{"0":{"name":"set","decl":{"start":{"line":3,"column":15},"end":{"line":5,"column":4}},"loc":{"start":{"line":5,"column":15},"end":{"line":3,"column":15}}},"1":{"name":"get","decl":{"start":{"line":3,"column":15},"end":{"line":14,"column":4}},"loc":{"start":{"line":14,"column":9},"end":{"line":3,"column":15}}},"2":{"name":"remove","decl":{"start":{"line":3,"column":15},"end":{"line":27,"column":7}},"loc":{"start":{"line":27,"column":12},"end":{"line":3,"column":15}}},"3":{"name":"(anonymous_4)","decl":{"start":{"line":29,"column":12},"end":{"line":29,"column":12}},"loc":{"start":{"line":29,"column":19},"end":{"line":29,"column":3}}}},"branchMap":{"0":{"loc":{"start":{"line":8,"column":2},"end":{"line":10,"column":3}},"type":"if","locations":[{"start":{"line":8,"column":2},"end":{"line":10,"column":3}},{"start":{"line":8,"column":2},"end":{"line":10,"column":3}}]},"1":{"loc":{"start":{"line":8,"column":5},"end":{"line":8,"column":24}},"type":"binary-expr","locations":[{"start":{"line":8,"column":5},"end":{"line":8,"column":24}},{"start":{"line":8,"column":25},"end":{"line":8,"column":2}}]},"2":{"loc":{"start":{"line":16,"column":2},"end":{"line":24,"column":3}},"type":"if","locations":[{"start":{"line":16,"column":2},"end":{"line":24,"column":3}},{"start":{"line":16,"column":2},"end":{"line":24,"column":3}}]},"3":{"loc":{"start":{"line":17,"column":3},"end":{"line":21,"column":4}},"type":"if","locations":[{"start":{"line":17,"column":3},"end":{"line":21,"column":4}},{"start":{"line":17,"column":3},"end":{"line":21,"column":4}}]},"4":{"loc":{"start":{"line":17,"column":6},"end":{"line":17,"column":5}},"type":"binary-expr","locations":[{"start":{"line":17,"column":6},"end":{"line":17,"column":5}},{"start":{"line":17,"column":28},"end":{"line":17,"column":3}}]},"5":{"loc":{"start":{"line":28,"column":2},"end":{"line":34,"column":3}},"type":"if","locations":[{"start":{"line":28,"column":2},"end":{"line":34,"column":3}},{"start":{"line":28,"column":2},"end":{"line":34,"column":3}}]}},"s":{"0":0,"1":0,"2":0,"3":0,"4":0,"5":0,"6":0,"7":0,"8":0,"9":0,"10":0,"11":0,"12":0,"13":0,"14":0},"f":{"0":0,"1":0,"2":0,"3":0},"b":{"0":[0,0],"1":[0,0],"2":[0,0],"3":[0,0],"4":[0,0],"5":[0,0]}}
,"F:\\work-project\\vue-norson-lis\\src\\common\\sessionStorage.js": {"path":"F:\\work-project\\vue-norson-lis\\src\\common\\sessionStorage.js","statementMap":{"0":{"start":{"line":2,"column":0},"end":{"line":null,"column":-1}},"1":{"start":{"line":6,"column":11},"end":{"line":6,"column":2}},"2":{"start":{"line":8,"column":2},"end":{"line":10,"column":3}},"3":{"start":{"line":9,"column":3},"end":{"line":null,"column":-1}},"4":{"start":{"line":11,"column":2},"end":{"line":null,"column":-1}},"5":{"start":{"line":15,"column":10},"end":{"line":15,"column":2}},"6":{"start":{"line":16,"column":2},"end":{"line":24,"column":3}},"7":{"start":{"line":17,"column":3},"end":{"line":21,"column":4}},"8":{"start":{"line":18,"column":4},"end":{"line":null,"column":-1}},"9":{"start":{"line":20,"column":4},"end":{"line":null,"column":-1}},"10":{"start":{"line":23,"column":3},"end":{"line":null,"column":-1}},"11":{"start":{"line":28,"column":2},"end":{"line":34,"column":3}},"12":{"start":{"line":29,"column":3},"end":{"line":null,"column":-1}},"13":{"start":{"line":30,"column":4},"end":{"line":null,"column":-1}},"14":{"start":{"line":33,"column":3},"end":{"line":null,"column":-1}}},"fnMap":{"0":{"name":"set","decl":{"start":{"line":3,"column":15},"end":{"line":5,"column":4}},"loc":{"start":{"line":5,"column":15},"end":{"line":3,"column":15}}},"1":{"name":"get","decl":{"start":{"line":3,"column":15},"end":{"line":14,"column":4}},"loc":{"start":{"line":14,"column":9},"end":{"line":3,"column":15}}},"2":{"name":"remove","decl":{"start":{"line":3,"column":15},"end":{"line":27,"column":7}},"loc":{"start":{"line":27,"column":12},"end":{"line":3,"column":15}}},"3":{"name":"(anonymous_4)","decl":{"start":{"line":29,"column":12},"end":{"line":29,"column":12}},"loc":{"start":{"line":29,"column":19},"end":{"line":29,"column":3}}}},"branchMap":{"0":{"loc":{"start":{"line":8,"column":2},"end":{"line":10,"column":3}},"type":"if","locations":[{"start":{"line":8,"column":2},"end":{"line":10,"column":3}},{"start":{"line":8,"column":2},"end":{"line":10,"column":3}}]},"1":{"loc":{"start":{"line":8,"column":5},"end":{"line":8,"column":24}},"type":"binary-expr","locations":[{"start":{"line":8,"column":5},"end":{"line":8,"column":24}},{"start":{"line":8,"column":25},"end":{"line":8,"column":2}}]},"2":{"loc":{"start":{"line":16,"column":2},"end":{"line":24,"column":3}},"type":"if","locations":[{"start":{"line":16,"column":2},"end":{"line":24,"column":3}},{"start":{"line":16,"column":2},"end":{"line":24,"column":3}}]},"3":{"loc":{"start":{"line":17,"column":3},"end":{"line":21,"column":4}},"type":"if","locations":[{"start":{"line":17,"column":3},"end":{"line":21,"column":4}},{"start":{"line":17,"column":3},"end":{"line":21,"column":4}}]},"4":{"loc":{"start":{"line":17,"column":6},"end":{"line":17,"column":5}},"type":"binary-expr","locations":[{"start":{"line":17,"column":6},"end":{"line":17,"column":5}},{"start":{"line":17,"column":28},"end":{"line":17,"column":3}}]},"5":{"loc":{"start":{"line":28,"column":2},"end":{"line":34,"column":3}},"type":"if","locations":[{"start":{"line":28,"column":2},"end":{"line":34,"column":3}},{"start":{"line":28,"column":2},"end":{"line":34,"column":3}}]}},"s":{"0":0,"1":0,"2":0,"3":0,"4":0,"5":0,"6":0,"7":0,"8":0,"9":0,"10":0,"11":0,"12":0,"13":0,"14":0},"f":{"0":0,"1":0,"2":0,"3":0},"b":{"0":[0,0],"1":[0,0],"2":[0,0],"3":[0,0],"4":[0,0],"5":[0,0]}}
,"F:\\work-project\\vue-norson-lis\\src\\components\\associate.vue": {"path":"F:\\work-project\\vue-norson-lis\\src\\components\\associate.vue","statementMap":{"0":{"start":{"line":20,"column":0},"end":{"line":null,"column":-1}},"1":{"start":{"line":37,"column":0},"end":{"line":null,"column":-1}},"2":{"start":{"line":45,"column":0},"end":{"line":null,"column":-1}},"3":{"start":{"line":46,"column":0},"end":{"line":48,"column":0}},"4":{"start":{"line":47,"column":0},"end":{"line":null,"column":-1}},"5":{"start":{"line":50,"column":0},"end":{"line":60,"column":0}},"6":{"start":{"line":51,"column":0},"end":{"line":59,"column":0}},"7":{"start":{"line":52,"column":0},"end":{"line":58,"column":0}},"8":{"start":{"line":53,"column":0},"end":{"line":null,"column":-1}},"9":{"start":{"line":54,"column":0},"end":{"line":58,"column":0}},"10":{"start":{"line":55,"column":0},"end":{"line":null,"column":-1}},"11":{"start":{"line":56,"column":0},"end":{"line":58,"column":0}},"12":{"start":{"line":57,"column":0},"end":{"line":null,"column":-1}},"13":{"start":{"line":61,"column":0},"end":{"line":67,"column":0}},"14":{"start":{"line":62,"column":0},"end":{"line":64,"column":0}},"15":{"start":{"line":63,"column":0},"end":{"line":null,"column":-1}},"16":{"start":{"line":66,"column":0},"end":{"line":null,"column":-1}},"17":{"start":{"line":71,"column":0},"end":{"line":null,"column":-1}},"18":{"start":{"line":74,"column":0},"end":{"line":null,"column":-1}},"19":{"start":{"line":75,"column":0},"end":{"line":null,"column":-1}},"20":{"start":{"line":76,"column":0},"end":{"line":108,"column":0}},"21":{"start":{"line":77,"column":0},"end":{"line":null,"column":-1}},"22":{"start":{"line":78,"column":0},"end":{"line":null,"column":-1}},"23":{"start":{"line":79,"column":0},"end":{"line":null,"column":-1}},"24":{"start":{"line":80,"column":0},"end":{"line":null,"column":-1}},"25":{"start":{"line":82,"column":0},"end":{"line":null,"column":-1}},"26":{"start":{"line":84,"column":0},"end":{"line":90,"column":0}},"27":{"start":{"line":85,"column":0},"end":{"line":null,"column":-1}},"28":{"start":{"line":86,"column":0},"end":{"line":null,"column":-1}},"29":{"start":{"line":87,"column":0},"end":{"line":90,"column":0}},"30":{"start":{"line":88,"column":0},"end":{"line":null,"column":-1}},"31":{"start":{"line":89,"column":0},"end":{"line":null,"column":-1}},"32":{"start":{"line":90,"column":0},"end":{"line":null,"column":-1}},"33":{"start":{"line":94,"column":0},"end":{"line":103,"column":0}},"34":{"start":{"line":98,"column":0},"end":{"line":null,"column":-1}},"35":{"start":{"line":99,"column":0},"end":{"line":102,"column":0}},"36":{"start":{"line":100,"column":0},"end":{"line":null,"column":-1}},"37":{"start":{"line":101,"column":0},"end":{"line":null,"column":-1}},"38":{"start":{"line":104,"column":0},"end":{"line":108,"column":0}},"39":{"start":{"line":107,"column":0},"end":{"line":null,"column":-1}},"40":{"start":{"line":111,"column":0},"end":{"line":null,"column":-1}},"41":{"start":{"line":112,"column":0},"end":{"line":null,"column":-1}},"42":{"start":{"line":113,"column":0},"end":{"line":123,"column":0}},"43":{"start":{"line":114,"column":0},"end":{"line":116,"column":0}},"44":{"start":{"line":115,"column":0},"end":{"line":null,"column":-1}},"45":{"start":{"line":118,"column":0},"end":{"line":122,"column":0}},"46":{"start":{"line":119,"column":0},"end":{"line":null,"column":-1}},"47":{"start":{"line":121,"column":0},"end":{"line":null,"column":-1}}},"fnMap":{"0":{"name":"data","decl":{"start":{"line":36,"column":0},"end":{"line":null,"column":-1}},"loc":{"start":{"line":36,"column":0},"end":{"line":44,"column":0}}},"1":{"name":"mounted","decl":{"start":{"line":45,"column":0},"end":{"line":null,"column":-1}},"loc":{"start":{"line":45,"column":0},"end":{"line":68,"column":0}}},"2":{"name":"(anonymous_4)","decl":{"start":{"line":46,"column":0},"end":{"line":null,"column":-1}},"loc":{"start":{"line":46,"column":0},"end":{"line":48,"column":0}}},"3":{"name":"(anonymous_5)","decl":{"start":{"line":50,"column":0},"end":{"line":null,"column":-1}},"loc":{"start":{"line":50,"column":0},"end":{"line":60,"column":0}}},"4":{"name":"(anonymous_6)","decl":{"start":{"line":62,"column":0},"end":{"line":null,"column":-1}},"loc":{"start":{"line":62,"column":0},"end":{"line":64,"column":0}}},"5":{"name":"onInput","decl":{"start":{"line":70,"column":0},"end":{"line":null,"column":-1}},"loc":{"start":{"line":70,"column":0},"end":{"line":72,"column":0}}},"6":{"name":"onKeyDown","decl":{"start":{"line":74,"column":0},"end":{"line":null,"column":-1}},"loc":{"start":{"line":74,"column":0},"end":{"line":109,"column":0}}},"7":{"name":"(anonymous_9)","decl":{"start":{"line":94,"column":0},"end":{"line":null,"column":-1}},"loc":{"start":{"line":94,"column":0},"end":{"line":103,"column":0}}},"8":{"name":"onSelect","decl":{"start":{"line":111,"column":0},"end":{"line":null,"column":-1}},"loc":{"start":{"line":111,"column":0},"end":{"line":124,"column":0}}},"9":{"name":"(anonymous_11)","decl":{"start":{"line":113,"column":0},"end":{"line":null,"column":-1}},"loc":{"start":{"line":113,"column":0},"end":{"line":123,"column":0}}}},"branchMap":{"0":{"loc":{"start":{"line":51,"column":0},"end":{"line":59,"column":0}},"type":"if","locations":[{"start":{"line":51,"column":0},"end":{"line":59,"column":0}},{"start":{"line":51,"column":0},"end":{"line":59,"column":0}}]},"1":{"loc":{"start":{"line":52,"column":0},"end":{"line":58,"column":0}},"type":"if","locations":[{"start":{"line":52,"column":0},"end":{"line":58,"column":0}},{"start":{"line":52,"column":0},"end":{"line":58,"column":0}}]},"2":{"loc":{"start":{"line":52,"column":0},"end":{"line":null,"column":-1}},"type":"binary-expr","locations":[{"start":{"line":52,"column":0},"end":{"line":null,"column":-1}},{"start":{"line":52,"column":0},"end":{"line":null,"column":-1}}]},"3":{"loc":{"start":{"line":54,"column":0},"end":{"line":58,"column":0}},"type":"if","locations":[{"start":{"line":54,"column":0},"end":{"line":58,"column":0}},{"start":{"line":54,"column":0},"end":{"line":58,"column":0}}]},"4":{"loc":{"start":{"line":54,"column":0},"end":{"line":null,"column":-1}},"type":"binary-expr","locations":[{"start":{"line":54,"column":0},"end":{"line":null,"column":-1}},{"start":{"line":54,"column":0},"end":{"line":null,"column":-1}}]},"5":{"loc":{"start":{"line":56,"column":0},"end":{"line":58,"column":0}},"type":"if","locations":[{"start":{"line":56,"column":0},"end":{"line":58,"column":0}},{"start":{"line":56,"column":0},"end":{"line":58,"column":0}}]},"6":{"loc":{"start":{"line":61,"column":0},"end":{"line":67,"column":0}},"type":"if","locations":[{"start":{"line":61,"column":0},"end":{"line":67,"column":0}},{"start":{"line":61,"column":0},"end":{"line":67,"column":0}}]},"7":{"loc":{"start":{"line":75,"column":0},"end":{"line":null,"column":-1}},"type":"if","locations":[{"start":{"line":75,"column":0},"end":{"line":null,"column":-1}},{"start":{"line":75,"column":0},"end":{"line":null,"column":-1}}]},"8":{"loc":{"start":{"line":76,"column":0},"end":{"line":108,"column":0}},"type":"if","locations":[{"start":{"line":76,"column":0},"end":{"line":108,"column":0}},{"start":{"line":76,"column":0},"end":{"line":108,"column":0}}]},"9":{"loc":{"start":{"line":82,"column":0},"end":{"line":null,"column":-1}},"type":"if","locations":[{"start":{"line":82,"column":0},"end":{"line":null,"column":-1}},{"start":{"line":82,"column":0},"end":{"line":null,"column":-1}}]},"10":{"loc":{"start":{"line":84,"column":0},"end":{"line":90,"column":0}},"type":"if","locations":[{"start":{"line":84,"column":0},"end":{"line":90,"column":0}},{"start":{"line":84,"column":0},"end":{"line":90,"column":0}}]},"11":{"loc":{"start":{"line":87,"column":0},"end":{"line":90,"column":0}},"type":"if","locations":[{"start":{"line":87,"column":0},"end":{"line":90,"column":0}},{"start":{"line":87,"column":0},"end":{"line":90,"column":0}}]},"12":{"loc":{"start":{"line":90,"column":0},"end":{"line":null,"column":-1}},"type":"if","locations":[{"start":{"line":90,"column":0},"end":{"line":null,"column":-1}},{"start":{"line":90,"column":0},"end":{"line":null,"column":-1}}]},"13":{"loc":{"start":{"line":98,"column":0},"end":{"line":null,"column":-1}},"type":"binary-expr","locations":[{"start":{"line":98,"column":0},"end":{"line":null,"column":-1}},{"start":{"line":98,"column":0},"end":{"line":null,"column":-1}}]},"14":{"loc":{"start":{"line":99,"column":0},"end":{"line":102,"column":0}},"type":"if","locations":[{"start":{"line":99,"column":0},"end":{"line":102,"column":0}},{"start":{"line":99,"column":0},"end":{"line":102,"column":0}}]},"15":{"loc":{"start":{"line":104,"column":0},"end":{"line":108,"column":0}},"type":"if","locations":[{"start":{"line":104,"column":0},"end":{"line":108,"column":0}},{"start":{"line":104,"column":0},"end":{"line":108,"column":0}}]},"16":{"loc":{"start":{"line":114,"column":0},"end":{"line":116,"column":0}},"type":"if","locations":[{"start":{"line":114,"column":0},"end":{"line":116,"column":0}},{"start":{"line":114,"column":0},"end":{"line":116,"column":0}}]},"17":{"loc":{"start":{"line":118,"column":0},"end":{"line":122,"column":0}},"type":"if","locations":[{"start":{"line":118,"column":0},"end":{"line":122,"column":0}},{"start":{"line":118,"column":0},"end":{"line":122,"column":0}}]}},"s":{"0":0,"1":0,"2":0,"3":0,"4":0,"5":0,"6":0,"7":0,"8":0,"9":0,"10":0,"11":0,"12":0,"13":0,"14":0,"15":0,"16":0,"17":0,"18":0,"19":0,"20":0,"21":0,"22":0,"23":0,"24":0,"25":0,"26":0,"27":0,"28":0,"29":0,"30":0,"31":0,"32":0,"33":0,"34":0,"35":0,"36":0,"37":0,"38":0,"39":0,"40":0,"41":0,"42":0,"43":0,"44":0,"45":0,"46":0,"47":0},"f":{"0":0,"1":0,"2":0,"3":0,"4":0,"5":0,"6":0,"7":0,"8":0,"9":0},"b":{"0":[0,0],"1":[0,0],"2":[0,0],"3":[0,0],"4":[0,0],"5":[0,0],"6":[0,0],"7":[0,0],"8":[0,0],"9":[0,0],"10":[0,0],"11":[0,0],"12":[0,0],"13":[0,0],"14":[0,0],"15":[0,0],"16":[0,0],"17":[0,0]}}
,"F:\\work-project\\vue-norson-lis\\src\\components\\charge.vue": {"path":"F:\\work-project\\vue-norson-lis\\src\\components\\charge.vue","statementMap":{"0":{"start":{"line":48,"column":0},"end":{"line":null,"column":-1}},"1":{"start":{"line":49,"column":0},"end":{"line":null,"column":-1}},"2":{"start":{"line":50,"column":0},"end":{"line":null,"column":-1}},"3":{"start":{"line":54,"column":0},"end":{"line":null,"column":-1}},"4":{"start":{"line":55,"column":0},"end":{"line":null,"column":-1}},"5":{"start":{"line":56,"column":0},"end":{"line":null,"column":-1}},"6":{"start":{"line":57,"column":0},"end":{"line":null,"column":-1}},"7":{"start":{"line":58,"column":0},"end":{"line":null,"column":-1}},"8":{"start":{"line":59,"column":0},"end":{"line":null,"column":-1}},"9":{"start":{"line":60,"column":0},"end":{"line":null,"column":-1}},"10":{"start":{"line":61,"column":0},"end":{"line":null,"column":-1}},"11":{"start":{"line":62,"column":0},"end":{"line":null,"column":-1}},"12":{"start":{"line":63,"column":0},"end":{"line":null,"column":-1}},"13":{"start":{"line":68,"column":0},"end":{"line":null,"column":-1}},"14":{"start":{"line":69,"column":0},"end":{"line":null,"column":-1}},"15":{"start":{"line":91,"column":0},"end":{"line":null,"column":-1}},"16":{"start":{"line":97,"column":0},"end":{"line":null,"column":-1}},"17":{"start":{"line":101,"column":0},"end":{"line":null,"column":-1}},"18":{"start":{"line":104,"column":0},"end":{"line":null,"column":-1}},"19":{"start":{"line":107,"column":0},"end":{"line":null,"column":-1}},"20":{"start":{"line":108,"column":0},"end":{"line":null,"column":-1}},"21":{"start":{"line":111,"column":0},"end":{"line":114,"column":0}},"22":{"start":{"line":112,"column":0},"end":{"line":null,"column":-1}},"23":{"start":{"line":113,"column":0},"end":{"line":null,"column":-1}},"24":{"start":{"line":117,"column":0},"end":{"line":null,"column":-1}},"25":{"start":{"line":119,"column":0},"end":{"line":null,"column":-1}},"26":{"start":{"line":120,"column":0},"end":{"line":null,"column":-1}},"27":{"start":{"line":125,"column":0},"end":{"line":130,"column":0}},"28":{"start":{"line":126,"column":0},"end":{"line":null,"column":-1}},"29":{"start":{"line":127,"column":0},"end":{"line":null,"column":-1}},"30":{"start":{"line":129,"column":0},"end":{"line":null,"column":-1}},"31":{"start":{"line":131,"column":0},"end":{"line":null,"column":-1}},"32":{"start":{"line":135,"column":0},"end":{"line":null,"column":-1}},"33":{"start":{"line":136,"column":0},"end":{"line":null,"column":-1}}},"fnMap":{"0":{"name":"Box","decl":{"start":{"line":54,"column":0},"end":{"line":null,"column":-1}},"loc":{"start":{"line":54,"column":0},"end":{"line":null,"column":-1}}},"1":{"name":"Title","decl":{"start":{"line":55,"column":0},"end":{"line":null,"column":-1}},"loc":{"start":{"line":55,"column":0},"end":{"line":null,"column":-1}}},"2":{"name":"Dialog","decl":{"start":{"line":56,"column":0},"end":{"line":null,"column":-1}},"loc":{"start":{"line":56,"column":0},"end":{"line":null,"column":-1}}},"3":{"name":"Form","decl":{"start":{"line":57,"column":0},"end":{"line":null,"column":-1}},"loc":{"start":{"line":57,"column":0},"end":{"line":null,"column":-1}}},"4":{"name":"FormItem","decl":{"start":{"line":58,"column":0},"end":{"line":null,"column":-1}},"loc":{"start":{"line":58,"column":0},"end":{"line":null,"column":-1}}},"5":{"name":"Input","decl":{"start":{"line":59,"column":0},"end":{"line":null,"column":-1}},"loc":{"start":{"line":59,"column":0},"end":{"line":null,"column":-1}}},"6":{"name":"Button","decl":{"start":{"line":60,"column":0},"end":{"line":null,"column":-1}},"loc":{"start":{"line":60,"column":0},"end":{"line":null,"column":-1}}},"7":{"name":"Table","decl":{"start":{"line":61,"column":0},"end":{"line":null,"column":-1}},"loc":{"start":{"line":61,"column":0},"end":{"line":null,"column":-1}}},"8":{"name":"Col","decl":{"start":{"line":62,"column":0},"end":{"line":null,"column":-1}},"loc":{"start":{"line":62,"column":0},"end":{"line":null,"column":-1}}},"9":{"name":"Popconfirm","decl":{"start":{"line":63,"column":0},"end":{"line":null,"column":-1}},"loc":{"start":{"line":63,"column":0},"end":{"line":null,"column":-1}}},"10":{"name":"data","decl":{"start":{"line":68,"column":0},"end":{"line":null,"column":-1}},"loc":{"start":{"line":68,"column":0},"end":{"line":95,"column":0}}},"11":{"name":"change","decl":{"start":{"line":91,"column":0},"end":{"line":null,"column":-1}},"loc":{"start":{"line":91,"column":0},"end":{"line":null,"column":-1}}},"12":{"name":"mounted","decl":{"start":{"line":96,"column":0},"end":{"line":null,"column":-1}},"loc":{"start":{"line":96,"column":0},"end":{"line":98,"column":0}}},"13":{"name":"fetch","decl":{"start":{"line":101,"column":0},"end":{"line":null,"column":-1}},"loc":{"start":{"line":101,"column":0},"end":{"line":null,"column":-1}}},"14":{"name":"submit","decl":{"start":{"line":103,"column":0},"end":{"line":null,"column":-1}},"loc":{"start":{"line":103,"column":0},"end":{"line":105,"column":0}}},"15":{"name":"open","decl":{"start":{"line":107,"column":0},"end":{"line":null,"column":-1}},"loc":{"start":{"line":107,"column":0},"end":{"line":null,"column":-1}}},"16":{"name":"close","decl":{"start":{"line":108,"column":0},"end":{"line":null,"column":-1}},"loc":{"start":{"line":108,"column":0},"end":{"line":null,"column":-1}}},"17":{"name":"onSelect","decl":{"start":{"line":110,"column":0},"end":{"line":null,"column":-1}},"loc":{"start":{"line":110,"column":0},"end":{"line":115,"column":0}}},"18":{"name":"onDel","decl":{"start":{"line":117,"column":0},"end":{"line":null,"column":-1}},"loc":{"start":{"line":117,"column":0},"end":{"line":null,"column":-1}}},"19":{"name":"onYes","decl":{"start":{"line":118,"column":0},"end":{"line":null,"column":-1}},"loc":{"start":{"line":118,"column":0},"end":{"line":122,"column":0}}},"20":{"name":"sum","decl":{"start":{"line":124,"column":0},"end":{"line":null,"column":-1}},"loc":{"start":{"line":124,"column":0},"end":{"line":132,"column":0}}},"21":{"name":"(anonymous_33)","decl":{"start":{"line":126,"column":0},"end":{"line":null,"column":-1}},"loc":{"start":{"line":126,"column":0},"end":{"line":null,"column":-1}}},"22":{"name":"(anonymous_34)","decl":{"start":{"line":127,"column":0},"end":{"line":null,"column":-1}},"loc":{"start":{"line":127,"column":0},"end":{"line":null,"column":-1}}},"23":{"name":"save","decl":{"start":{"line":134,"column":0},"end":{"line":null,"column":-1}},"loc":{"start":{"line":134,"column":0},"end":{"line":137,"column":0}}}},"branchMap":{"0":{"loc":{"start":{"line":111,"column":0},"end":{"line":114,"column":0}},"type":"if","locations":[{"start":{"line":111,"column":0},"end":{"line":114,"column":0}},{"start":{"line":111,"column":0},"end":{"line":114,"column":0}}]},"1":{"loc":{"start":{"line":125,"column":0},"end":{"line":130,"column":0}},"type":"if","locations":[{"start":{"line":125,"column":0},"end":{"line":130,"column":0}},{"start":{"line":125,"column":0},"end":{"line":130,"column":0}}]}},"s":{"0":0,"1":0,"2":0,"3":0,"4":0,"5":0,"6":0,"7":0,"8":0,"9":0,"10":0,"11":0,"12":0,"13":0,"14":0,"15":0,"16":0,"17":0,"18":0,"19":0,"20":0,"21":0,"22":0,"23":0,"24":0,"25":0,"26":0,"27":0,"28":0,"29":0,"30":0,"31":0,"32":0,"33":0},"f":{"0":0,"1":0,"2":0,"3":0,"4":0,"5":0,"6":0,"7":0,"8":0,"9":0,"10":0,"11":0,"12":0,"13":0,"14":0,"15":0,"16":0,"17":0,"18":0,"19":0,"20":0,"21":0,"22":0,"23":0},"b":{"0":[0,0],"1":[0,0]}}
,"F:\\work-project\\vue-norson-lis\\src\\components\\loading.vue": {"path":"F:\\work-project\\vue-norson-lis\\src\\components\\loading.vue","statementMap":{"0":{"start":{"line":14,"column":0},"end":{"line":null,"column":-1}},"1":{"start":{"line":15,"column":0},"end":{"line":null,"column":-1}},"2":{"start":{"line":23,"column":0},"end":{"line":null,"column":-1}},"3":{"start":{"line":32,"column":0},"end":{"line":null,"column":-1}}},"fnMap":{"0":{"name":"data","decl":{"start":{"line":22,"column":0},"end":{"line":null,"column":-1}},"loc":{"start":{"line":22,"column":0},"end":{"line":26,"column":0}}},"1":{"name":"mounted","decl":{"start":{"line":27,"column":0},"end":{"line":null,"column":-1}},"loc":{"start":{"line":27,"column":0},"end":{"line":null,"column":-1}}},"2":{"name":"open","decl":{"start":{"line":31,"column":0},"end":{"line":null,"column":-1}},"loc":{"start":{"line":31,"column":0},"end":{"line":33,"column":0}}}},"branchMap":{},"s":{"0":0,"1":0,"2":0,"3":0},"f":{"0":0,"1":0,"2":0},"b":{}}
,"F:\\work-project\\vue-norson-lis\\src\\components\\table-simple.vue": {"path":"F:\\work-project\\vue-norson-lis\\src\\components\\table-simple.vue","statementMap":{"0":{"start":{"line":30,"column":0},"end":{"line":null,"column":-1}},"1":{"start":{"line":31,"column":0},"end":{"line":null,"column":-1}},"2":{"start":{"line":40,"column":0},"end":{"line":null,"column":-1}},"3":{"start":{"line":45,"column":0},"end":{"line":null,"column":-1}},"4":{"start":{"line":48,"column":0},"end":{"line":null,"column":-1}},"5":{"start":{"line":51,"column":0},"end":{"line":null,"column":-1}},"6":{"start":{"line":53,"column":0},"end":{"line":null,"column":-1}}},"fnMap":{"0":{"name":"Table","decl":{"start":{"line":30,"column":0},"end":{"line":null,"column":-1}},"loc":{"start":{"line":30,"column":0},"end":{"line":null,"column":-1}}},"1":{"name":"Col","decl":{"start":{"line":31,"column":0},"end":{"line":null,"column":-1}},"loc":{"start":{"line":31,"column":0},"end":{"line":null,"column":-1}}},"2":{"name":"_default","decl":{"start":{"line":40,"column":0},"end":{"line":null,"column":-1}},"loc":{"start":{"line":40,"column":0},"end":{"line":null,"column":-1}}},"3":{"name":"getRows","decl":{"start":{"line":44,"column":0},"end":{"line":null,"column":-1}},"loc":{"start":{"line":44,"column":0},"end":{"line":46,"column":0}}},"4":{"name":"addRows","decl":{"start":{"line":47,"column":0},"end":{"line":null,"column":-1}},"loc":{"start":{"line":47,"column":0},"end":{"line":49,"column":0}}},"5":{"name":"onSelect","decl":{"start":{"line":50,"column":0},"end":{"line":null,"column":-1}},"loc":{"start":{"line":50,"column":0},"end":{"line":52,"column":0}}},"6":{"name":"onChange","decl":{"start":{"line":53,"column":0},"end":{"line":null,"column":-1}},"loc":{"start":{"line":53,"column":0},"end":{"line":null,"column":-1}}}},"branchMap":{},"s":{"0":0,"1":0,"2":0,"3":0,"4":0,"5":0,"6":0},"f":{"0":0,"1":0,"2":0,"3":0,"4":0,"5":0,"6":0},"b":{}}
,"F:\\work-project\\vue-norson-lis\\src\\components\\title.vue": {"path":"F:\\work-project\\vue-norson-lis\\src\\components\\title.vue","statementMap":{"0":{"start":{"line":14,"column":0},"end":{"line":null,"column":-1}},"1":{"start":{"line":15,"column":0},"end":{"line":null,"column":-1}},"2":{"start":{"line":23,"column":0},"end":{"line":null,"column":-1}},"3":{"start":{"line":32,"column":0},"end":{"line":null,"column":-1}}},"fnMap":{"0":{"name":"data","decl":{"start":{"line":22,"column":0},"end":{"line":null,"column":-1}},"loc":{"start":{"line":22,"column":0},"end":{"line":26,"column":0}}},"1":{"name":"mounted","decl":{"start":{"line":27,"column":0},"end":{"line":null,"column":-1}},"loc":{"start":{"line":27,"column":0},"end":{"line":null,"column":-1}}},"2":{"name":"open","decl":{"start":{"line":31,"column":0},"end":{"line":null,"column":-1}},"loc":{"start":{"line":31,"column":0},"end":{"line":33,"column":0}}}},"branchMap":{},"s":{"0":0,"1":0,"2":0,"3":0},"f":{"0":0,"1":0,"2":0},"b":{}}
,"F:\\work-project\\vue-norson-lis\\src\\components-x\\loading-wraper.vue": {"path":"F:\\work-project\\vue-norson-lis\\src\\components-x\\loading-wraper.vue","statementMap":{"0":{"start":{"line":19,"column":0},"end":{"line":null,"column":-1}}},"fnMap":{"0":{"name":"data","decl":{"start":{"line":18,"column":0},"end":{"line":null,"column":-1}},"loc":{"start":{"line":18,"column":0},"end":{"line":22,"column":0}}}},"branchMap":{},"s":{"0":0},"f":{"0":0},"b":{}}
,"F:\\work-project\\vue-norson-lis\\src\\components-x\\loading.vue": {"path":"F:\\work-project\\vue-norson-lis\\src\\components-x\\loading.vue","statementMap":{"0":{"start":{"line":22,"column":0},"end":{"line":null,"column":-1}}},"fnMap":{"0":{"name":"data","decl":{"start":{"line":21,"column":0},"end":{"line":null,"column":-1}},"loc":{"start":{"line":21,"column":0},"end":{"line":26,"column":0}}}},"branchMap":{},"s":{"0":0},"f":{"0":0},"b":{}}
,"F:\\work-project\\vue-norson-lis\\src\\components\\ui\\button.vue": {"path":"F:\\work-project\\vue-norson-lis\\src\\components\\ui\\button.vue","statementMap":{"0":{"start":{"line":19,"column":0},"end":{"line":null,"column":-1}},"1":{"start":{"line":20,"column":0},"end":{"line":null,"column":-1}},"2":{"start":{"line":36,"column":0},"end":{"line":null,"column":-1}}},"fnMap":{"0":{"name":"onClick","decl":{"start":{"line":36,"column":0},"end":{"line":null,"column":-1}},"loc":{"start":{"line":36,"column":0},"end":{"line":null,"column":-1}}}},"branchMap":{},"s":{"0":0,"1":0,"2":0},"f":{"0":0},"b":{}}
,"F:\\work-project\\vue-norson-lis\\src\\components\\ui\\dialog.vue": {"path":"F:\\work-project\\vue-norson-lis\\src\\components\\ui\\dialog.vue","statementMap":{"0":{"start":{"line":17,"column":0},"end":{"line":null,"column":-1}},"1":{"start":{"line":18,"column":0},"end":{"line":null,"column":-1}},"2":{"start":{"line":26,"column":0},"end":{"line":null,"column":-1}},"3":{"start":{"line":34,"column":0},"end":{"line":null,"column":-1}},"4":{"start":{"line":35,"column":0},"end":{"line":null,"column":-1}}},"fnMap":{"0":{"name":"data","decl":{"start":{"line":25,"column":0},"end":{"line":null,"column":-1}},"loc":{"start":{"line":25,"column":0},"end":{"line":29,"column":0}}},"1":{"name":"mounted","decl":{"start":{"line":30,"column":0},"end":{"line":null,"column":-1}},"loc":{"start":{"line":30,"column":0},"end":{"line":null,"column":-1}}},"2":{"name":"open","decl":{"start":{"line":34,"column":0},"end":{"line":null,"column":-1}},"loc":{"start":{"line":34,"column":0},"end":{"line":null,"column":-1}}},"3":{"name":"close","decl":{"start":{"line":35,"column":0},"end":{"line":null,"column":-1}},"loc":{"start":{"line":35,"column":0},"end":{"line":null,"column":-1}}}},"branchMap":{},"s":{"0":0,"1":0,"2":0,"3":0,"4":0},"f":{"0":0,"1":0,"2":0,"3":0},"b":{}}
,"F:\\work-project\\vue-norson-lis\\src\\components\\ui\\form-item.vue": {"path":"F:\\work-project\\vue-norson-lis\\src\\components\\ui\\form-item.vue","statementMap":{"0":{"start":{"line":9,"column":0},"end":{"line":null,"column":-1}},"1":{"start":{"line":10,"column":0},"end":{"line":null,"column":-1}}},"fnMap":{},"branchMap":{},"s":{"0":0,"1":0},"f":{},"b":{}}
,"F:\\work-project\\vue-norson-lis\\src\\components\\ui\\form.vue": {"path":"F:\\work-project\\vue-norson-lis\\src\\components\\ui\\form.vue","statementMap":{"0":{"start":{"line":9,"column":0},"end":{"line":null,"column":-1}},"1":{"start":{"line":10,"column":0},"end":{"line":null,"column":-1}},"2":{"start":{"line":19,"column":0},"end":{"line":null,"column":-1}}},"fnMap":{"0":{"name":"onSubmit","decl":{"start":{"line":18,"column":0},"end":{"line":null,"column":-1}},"loc":{"start":{"line":18,"column":0},"end":{"line":20,"column":0}}}},"branchMap":{},"s":{"0":0,"1":0,"2":0},"f":{"0":0},"b":{}}
,"F:\\work-project\\vue-norson-lis\\src\\components\\ui\\input.vue": {"path":"F:\\work-project\\vue-norson-lis\\src\\components\\ui\\input.vue","statementMap":{"0":{"start":{"line":15,"column":0},"end":{"line":null,"column":-1}},"1":{"start":{"line":16,"column":0},"end":{"line":null,"column":-1}},"2":{"start":{"line":27,"column":0},"end":{"line":null,"column":-1}},"3":{"start":{"line":28,"column":0},"end":{"line":null,"column":-1}}},"fnMap":{"0":{"name":"onInput","decl":{"start":{"line":27,"column":0},"end":{"line":null,"column":-1}},"loc":{"start":{"line":27,"column":0},"end":{"line":null,"column":-1}}},"1":{"name":"onClear","decl":{"start":{"line":28,"column":0},"end":{"line":null,"column":-1}},"loc":{"start":{"line":28,"column":0},"end":{"line":null,"column":-1}}}},"branchMap":{},"s":{"0":0,"1":0,"2":0,"3":0},"f":{"0":0,"1":0},"b":{}}
,"F:\\work-project\\vue-norson-lis\\src\\components\\ui\\pagination.vue": {"path":"F:\\work-project\\vue-norson-lis\\src\\components\\ui\\pagination.vue","statementMap":{"0":{"start":{"line":19,"column":0},"end":{"line":null,"column":-1}},"1":{"start":{"line":20,"column":0},"end":{"line":null,"column":-1}},"2":{"start":{"line":24,"column":0},"end":{"line":null,"column":-1}},"3":{"start":{"line":28,"column":0},"end":{"line":null,"column":-1}},"4":{"start":{"line":29,"column":0},"end":{"line":null,"column":-1}}},"fnMap":{"0":{"name":"_default","decl":{"start":{"line":24,"column":0},"end":{"line":null,"column":-1}},"loc":{"start":{"line":24,"column":0},"end":{"line":null,"column":-1}}},"1":{"name":"onChange","decl":{"start":{"line":27,"column":0},"end":{"line":null,"column":-1}},"loc":{"start":{"line":27,"column":0},"end":{"line":30,"column":0}}}},"branchMap":{},"s":{"0":0,"1":0,"2":0,"3":0,"4":0},"f":{"0":0,"1":0},"b":{}}
,"F:\\work-project\\vue-norson-lis\\src\\components\\ui\\popconfirm.vue": {"path":"F:\\work-project\\vue-norson-lis\\src\\components\\ui\\popconfirm.vue","statementMap":{"0":{"start":{"line":14,"column":0},"end":{"line":null,"column":-1}},"1":{"start":{"line":15,"column":0},"end":{"line":null,"column":-1}},"2":{"start":{"line":23,"column":0},"end":{"line":null,"column":-1}}},"fnMap":{"0":{"name":"onConfirm","decl":{"start":{"line":22,"column":0},"end":{"line":null,"column":-1}},"loc":{"start":{"line":22,"column":0},"end":{"line":24,"column":0}}}},"branchMap":{},"s":{"0":0,"1":0,"2":0},"f":{"0":0},"b":{}}
,"F:\\work-project\\vue-norson-lis\\src\\components\\ui\\table-col.vue": {"path":"F:\\work-project\\vue-norson-lis\\src\\components\\ui\\table-col.vue","statementMap":{"0":{"start":{"line":16,"column":0},"end":{"line":null,"column":-1}},"1":{"start":{"line":17,"column":0},"end":{"line":null,"column":-1}}},"fnMap":{},"branchMap":{},"s":{"0":0,"1":0},"f":{},"b":{}}
,"F:\\work-project\\vue-norson-lis\\src\\components\\ui\\table.vue": {"path":"F:\\work-project\\vue-norson-lis\\src\\components\\ui\\table.vue","statementMap":{"0":{"start":{"line":23,"column":0},"end":{"line":null,"column":-1}},"1":{"start":{"line":24,"column":0},"end":{"line":null,"column":-1}},"2":{"start":{"line":25,"column":0},"end":{"line":null,"column":-1}},"3":{"start":{"line":29,"column":0},"end":{"line":null,"column":-1}},"4":{"start":{"line":30,"column":0},"end":{"line":null,"column":-1}},"5":{"start":{"line":36,"column":0},"end":{"line":null,"column":-1}},"6":{"start":{"line":42,"column":0},"end":{"line":null,"column":-1}},"7":{"start":{"line":49,"column":0},"end":{"line":null,"column":-1}},"8":{"start":{"line":50,"column":0},"end":{"line":null,"column":-1}},"9":{"start":{"line":53,"column":0},"end":{"line":null,"column":-1}},"10":{"start":{"line":54,"column":0},"end":{"line":null,"column":-1}},"11":{"start":{"line":55,"column":0},"end":{"line":59,"column":0}},"12":{"start":{"line":56,"column":0},"end":{"line":58,"column":0}},"13":{"start":{"line":57,"column":0},"end":{"line":null,"column":-1}},"14":{"start":{"line":63,"column":0},"end":{"line":null,"column":-1}},"15":{"start":{"line":65,"column":0},"end":{"line":null,"column":-1}}},"fnMap":{"0":{"name":"Loading","decl":{"start":{"line":29,"column":0},"end":{"line":null,"column":-1}},"loc":{"start":{"line":29,"column":0},"end":{"line":null,"column":-1}}},"1":{"name":"Pagination","decl":{"start":{"line":30,"column":0},"end":{"line":null,"column":-1}},"loc":{"start":{"line":30,"column":0},"end":{"line":null,"column":-1}}},"2":{"name":"_default","decl":{"start":{"line":36,"column":0},"end":{"line":null,"column":-1}},"loc":{"start":{"line":36,"column":0},"end":{"line":null,"column":-1}}},"3":{"name":"data","decl":{"start":{"line":41,"column":0},"end":{"line":null,"column":-1}},"loc":{"start":{"line":41,"column":0},"end":{"line":46,"column":0}}},"4":{"name":"getRows","decl":{"start":{"line":48,"column":0},"end":{"line":null,"column":-1}},"loc":{"start":{"line":48,"column":0},"end":{"line":51,"column":0}}},"5":{"name":"addRows","decl":{"start":{"line":53,"column":0},"end":{"line":null,"column":-1}},"loc":{"start":{"line":53,"column":0},"end":{"line":60,"column":0}}},"6":{"name":"(anonymous_10)","decl":{"start":{"line":56,"column":0},"end":{"line":null,"column":-1}},"loc":{"start":{"line":56,"column":0},"end":{"line":58,"column":0}}},"7":{"name":"clear","decl":{"start":{"line":62,"column":0},"end":{"line":null,"column":-1}},"loc":{"start":{"line":62,"column":0},"end":{"line":64,"column":0}}},"8":{"name":"onChange","decl":{"start":{"line":65,"column":0},"end":{"line":null,"column":-1}},"loc":{"start":{"line":65,"column":0},"end":{"line":null,"column":-1}}}},"branchMap":{"0":{"loc":{"start":{"line":55,"column":0},"end":{"line":59,"column":0}},"type":"if","locations":[{"start":{"line":55,"column":0},"end":{"line":59,"column":0}},{"start":{"line":55,"column":0},"end":{"line":59,"column":0}}]}},"s":{"0":0,"1":0,"2":0,"3":0,"4":0,"5":0,"6":0,"7":0,"8":0,"9":0,"10":0,"11":0,"12":0,"13":0,"14":0,"15":0},"f":{"0":0,"1":0,"2":0,"3":0,"4":0,"5":0,"6":0,"7":0,"8":0},"b":{"0":[0,0]}}
,"F:\\work-project\\vue-norson-lis\\src\\pages\\index.vue": {"path":"F:\\work-project\\vue-norson-lis\\src\\pages\\index.vue","statementMap":{"0":{"start":{"line":18,"column":0},"end":{"line":null,"column":-1}},"1":{"start":{"line":19,"column":0},"end":{"line":null,"column":-1}},"2":{"start":{"line":22,"column":0},"end":{"line":null,"column":-1}},"3":{"start":{"line":31,"column":0},"end":{"line":null,"column":-1}}},"fnMap":{"0":{"name":"Associate","decl":{"start":{"line":18,"column":0},"end":{"line":null,"column":-1}},"loc":{"start":{"line":18,"column":0},"end":{"line":null,"column":-1}}},"1":{"name":"Charge","decl":{"start":{"line":19,"column":0},"end":{"line":null,"column":-1}},"loc":{"start":{"line":19,"column":0},"end":{"line":null,"column":-1}}},"2":{"name":"data","decl":{"start":{"line":21,"column":0},"end":{"line":null,"column":-1}},"loc":{"start":{"line":21,"column":0},"end":{"line":25,"column":0}}},"3":{"name":"mounted","decl":{"start":{"line":26,"column":0},"end":{"line":null,"column":-1}},"loc":{"start":{"line":26,"column":0},"end":{"line":null,"column":-1}}},"4":{"name":"save","decl":{"start":{"line":30,"column":0},"end":{"line":null,"column":-1}},"loc":{"start":{"line":30,"column":0},"end":{"line":32,"column":0}}}},"branchMap":{},"s":{"0":0,"1":0,"2":0,"3":0},"f":{"0":0,"1":0,"2":0,"3":0,"4":0},"b":{}}
}
