TN:
SF:F:\work-project\vue-norson-lis\src\App.vue
FN:13,Toast
FN:14,Loading
FN:16,created
FN:19,mounted
FNF:4
FNH:0
FNDA:0,Toast
FNDA:0,Loading
FNDA:0,created
FNDA:0,mounted
DA:13,0
DA:14,0
DA:21,0
DA:22,0
LF:4
LH:0
BRDA:22,0,0,0
BRDA:22,0,1,0
BRF:2
BRH:0
end_of_record
TN:
SF:F:\work-project\vue-norson-lis\src\router.js
FN:4,(anonymous_1)
FN:4,(anonymous_2)
FN:4,(anonymous_3)
FN:4,(anonymous_4)
FN:22,(anonymous_5)
FNF:5
FNH:0
FNDA:0,(anonymous_1)
FNDA:0,(anonymous_2)
FNDA:0,(anonymous_3)
FNDA:0,(anonymous_4)
FNDA:0,(anonymous_5)
DA:1,0
DA:2,0
DA:4,0
DA:6,0
DA:14,0
DA:15,0
DA:22,0
DA:23,0
LF:8
LH:0
BRF:0
BRH:0
end_of_record
TN:
SF:F:\work-project\vue-norson-lis\src\common\config.js
FN:4,exist
FNF:1
FNH:0
FNDA:0,exist
DA:2,0
DA:4,0
DA:6,0
DA:7,0
DA:8,0
DA:10,0
DA:11,0
DA:13,0
DA:14,0
DA:15,0
DA:16,0
DA:20,0
LF:12
LH:0
BRDA:10,0,0,0
BRDA:10,0,1,0
BRDA:13,1,0,0
BRDA:13,1,1,0
BRDA:15,2,0,0
BRDA:15,2,1,0
BRF:6
BRH:0
end_of_record
TN:
SF:F:\work-project\vue-norson-lis\src\common\fn.js
FN:3,isObject
FN:3,hasObject
FN:3,isFunction
FN:3,isArray
FN:3,hasArray
FN:3,isString
FN:3,isNumber
FN:3,isEmpty
FN:3,isValid
FN:3,loading
FN:3,toast
FN:40,(anonymous_12)
FN:3,local
FN:3,remove
FN:3,val
FN:3,nan
FN:3,getQuery
FN:67,(anonymous_18)
FN:3,getToken
FN:3,getUser
FN:3,setTitle
FN:3,loginTo
FNF:22
FNH:0
FNDA:0,isObject
FNDA:0,hasObject
FNDA:0,isFunction
FNDA:0,isArray
FNDA:0,hasArray
FNDA:0,isString
FNDA:0,isNumber
FNDA:0,isEmpty
FNDA:0,isValid
FNDA:0,loading
FNDA:0,toast
FNDA:0,(anonymous_12)
FNDA:0,local
FNDA:0,remove
FNDA:0,val
FNDA:0,nan
FNDA:0,getQuery
FNDA:0,(anonymous_18)
FNDA:0,getToken
FNDA:0,getUser
FNDA:0,setTitle
FNDA:0,loginTo
DA:2,0
DA:8,0
DA:10,0
DA:12,0
DA:14,0
DA:16,0
DA:18,0
DA:20,0
DA:22,0
DA:23,0
DA:26,0
DA:27,0
DA:28,0
DA:29,0
DA:30,0
DA:32,0
DA:36,0
DA:37,0
DA:38,0
DA:39,0
DA:40,0
DA:41,0
DA:45,0
DA:46,0
DA:47,0
DA:49,0
DA:50,0
DA:54,0
DA:55,0
DA:58,0
DA:59,0
DA:62,0
DA:63,0
DA:64,0
DA:65,0
DA:66,0
DA:67,0
DA:68,0
DA:69,0
DA:70,0
DA:74,0
DA:75,0
DA:79,0
DA:80,0
DA:81,0
DA:83,0
DA:84,0
DA:85,0
DA:86,0
DA:88,0
DA:92,0
DA:93,0
DA:94,0
DA:96,0
DA:100,0
DA:103,0
DA:104,0
DA:105,0
DA:106,0
DA:108,0
DA:111,0
LF:61
LH:0
BRDA:10,0,0,0
BRDA:10,0,1,0
BRDA:16,1,0,0
BRDA:16,1,1,0
BRDA:22,2,0,0
BRDA:22,2,1,0
BRDA:22,2,2,0
BRDA:23,3,0,0
BRDA:23,3,1,0
BRDA:23,3,2,0
BRDA:27,4,0,0
BRDA:27,4,1,0
BRDA:28,5,0,0
BRDA:28,5,1,0
BRDA:29,6,0,0
BRDA:29,6,1,0
BRDA:37,7,0,0
BRDA:37,7,1,0
BRDA:41,8,0,0
BRDA:41,8,1,0
BRDA:45,9,0,0
BRDA:45,9,1,0
BRDA:46,10,0,0
BRDA:46,10,1,0
BRDA:54,11,0,0
BRDA:54,11,1,0
BRDA:58,12,0,0
BRDA:58,12,1,0
BRDA:59,13,0,0
BRDA:59,13,1,0
BRDA:62,14,0,0
BRDA:62,14,1,0
BRDA:64,15,0,0
BRDA:64,15,1,0
BRDA:69,16,0,0
BRDA:69,16,1,0
BRDA:69,17,0,0
BRDA:69,17,1,0
BRDA:69,17,2,0
BRDA:74,18,0,0
BRDA:74,18,1,0
BRDA:83,19,0,0
BRDA:83,19,1,0
BRDA:85,20,0,0
BRDA:85,20,1,0
BRDA:93,21,0,0
BRDA:93,21,1,0
BRDA:103,22,0,0
BRDA:103,22,1,0
BRDA:105,23,0,0
BRDA:105,23,1,0
BRF:51
BRH:0
end_of_record
TN:
SF:F:\work-project\vue-norson-lis\src\common\global.js
FNF:0
FNH:0
DA:2,0
DA:3,0
DA:4,0
DA:7,0
DA:8,0
LF:5
LH:0
BRF:0
BRH:0
end_of_record
TN:
SF:F:\work-project\vue-norson-lis\src\common\http.js
FN:8,logMsg
FN:11,config
FN:27,serializeParam
FN:42,manageBody
FN:44,setType
FN:68,coreRequest
FN:90,(anonymous_7)
FN:91,(anonymous_8)
FN:120,(anonymous_9)
FN:131,post
FN:133,get
FN:135,submit
FN:162,run
FN:166,(anonymous_14)
FN:168,onStart
FN:169,onEnd
FN:174,(anonymous_17)
FN:180,(anonymous_18)
FN:193,(anonymous_19)
FN:199,pull
FN:234,(anonymous_21)
FN:236,onStart
FN:237,onEnd
FN:242,(anonymous_24)
FN:244,onError
FN:252,(anonymous_26)
FN:276,paging
FN:314,(anonymous_28)
FN:316,onStart
FN:317,onEnd
FN:324,(anonymous_31)
FNF:31
FNH:0
FNDA:0,logMsg
FNDA:0,config
FNDA:0,serializeParam
FNDA:0,manageBody
FNDA:0,setType
FNDA:0,coreRequest
FNDA:0,(anonymous_7)
FNDA:0,(anonymous_8)
FNDA:0,(anonymous_9)
FNDA:0,post
FNDA:0,get
FNDA:0,submit
FNDA:0,run
FNDA:0,(anonymous_14)
FNDA:0,onStart
FNDA:0,onEnd
FNDA:0,(anonymous_17)
FNDA:0,(anonymous_18)
FNDA:0,(anonymous_19)
FNDA:0,pull
FNDA:0,(anonymous_21)
FNDA:0,onStart
FNDA:0,onEnd
FNDA:0,(anonymous_24)
FNDA:0,onError
FNDA:0,(anonymous_26)
FNDA:0,paging
FNDA:0,(anonymous_28)
FNDA:0,onStart
FNDA:0,onEnd
FNDA:0,(anonymous_31)
DA:2,0
DA:3,0
DA:4,0
DA:8,0
DA:11,0
DA:12,0
DA:13,0
DA:19,0
DA:27,0
DA:28,0
DA:29,0
DA:30,0
DA:31,0
DA:32,0
DA:34,0
DA:35,0
DA:42,0
DA:44,0
DA:45,0
DA:46,0
DA:47,0
DA:48,0
DA:49,0
DA:50,0
DA:52,0
DA:54,0
DA:55,0
DA:68,0
DA:69,0
DA:70,0
DA:71,0
DA:72,0
DA:73,0
DA:74,0
DA:79,0
DA:81,0
DA:82,0
DA:83,0
DA:85,0
DA:86,0
DA:90,0
DA:91,0
DA:92,0
DA:93,0
DA:95,0
DA:96,0
DA:97,0
DA:98,0
DA:99,0
DA:100,0
DA:101,0
DA:103,0
DA:105,0
DA:107,0
DA:108,0
DA:110,0
DA:111,0
DA:113,0
DA:116,0
DA:118,0
DA:119,0
DA:121,0
DA:122,0
DA:123,0
DA:124,0
DA:131,0
DA:133,0
DA:135,0
DA:136,0
DA:158,0
DA:160,0
DA:162,0
DA:163,0
DA:166,0
DA:167,0
DA:168,0
DA:170,0
DA:171,0
DA:172,0
DA:174,0
DA:181,0
DA:183,0
DA:184,0
DA:185,0
DA:186,0
DA:188,0
DA:191,0
DA:194,0
DA:199,0
DA:200,0
DA:215,0
DA:216,0
DA:219,0
DA:221,0
DA:222,0
DA:226,0
DA:227,0
DA:234,0
DA:235,0
DA:236,0
DA:238,0
DA:239,0
DA:240,0
DA:242,0
DA:246,0
DA:247,0
DA:249,0
DA:253,0
DA:254,0
DA:255,0
DA:258,0
DA:259,0
DA:262,0
DA:263,0
DA:266,0
DA:268,0
DA:269,0
DA:276,0
DA:277,0
DA:287,0
DA:289,0
DA:290,0
DA:295,0
DA:296,0
DA:299,0
DA:301,0
DA:302,0
DA:306,0
DA:307,0
DA:314,0
DA:315,0
DA:316,0
DA:317,0
DA:325,0
DA:332,0
DA:334,0
DA:335,0
DA:337,0
LF:138
LH:0
BRDA:8,0,0,0
BRDA:8,0,1,0
BRDA:12,1,0,0
BRDA:12,1,1,0
BRDA:14,2,0,0
BRDA:14,2,1,0
BRDA:28,3,0,0
BRDA:28,3,1,0
BRDA:32,4,0,0
BRDA:32,4,1,0
BRDA:34,5,0,0
BRDA:34,5,1,0
BRDA:42,6,0,0
BRDA:42,6,1,0
BRDA:45,7,0,0
BRDA:45,7,1,0
BRDA:47,8,0,0
BRDA:47,8,1,0
BRDA:49,9,0,0
BRDA:49,9,1,0
BRDA:54,10,0,0
BRDA:54,10,1,0
BRDA:69,11,0,0
BRDA:69,11,1,0
BRDA:70,12,0,0
BRDA:70,12,1,0
BRDA:79,13,0,0
BRDA:79,13,1,0
BRDA:81,14,0,0
BRDA:81,14,1,0
BRDA:85,15,0,0
BRDA:85,15,1,0
BRDA:85,16,0,0
BRDA:85,16,1,0
BRDA:86,17,0,0
BRDA:86,17,1,0
BRDA:86,18,0,0
BRDA:86,18,1,0
BRDA:95,19,0,0
BRDA:95,19,1,0
BRDA:98,20,0,0
BRDA:98,20,1,0
BRDA:107,21,0,0
BRDA:107,21,1,0
BRDA:108,22,0,0
BRDA:108,22,1,0
BRDA:110,23,0,0
BRDA:110,23,1,0
BRDA:111,24,0,0
BRDA:111,24,1,0
BRDA:118,25,0,0
BRDA:118,25,1,0
BRDA:119,26,0,0
BRDA:119,26,1,0
BRDA:121,27,0,0
BRDA:121,27,1,0
BRDA:122,28,0,0
BRDA:122,28,1,0
BRDA:123,29,0,0
BRDA:123,29,1,0
BRDA:124,30,0,0
BRDA:124,30,1,0
BRDA:158,31,0,0
BRDA:158,31,1,0
BRDA:160,32,0,0
BRDA:160,32,1,0
BRDA:163,33,0,0
BRDA:163,33,1,0
BRDA:168,34,0,0
BRDA:168,34,1,0
BRDA:170,35,0,0
BRDA:170,35,1,0
BRDA:171,36,0,0
BRDA:171,36,1,0
BRDA:172,37,0,0
BRDA:172,37,1,0
BRDA:174,38,0,0
BRDA:174,38,1,0
BRDA:174,39,0,0
BRDA:174,39,1,0
BRDA:183,40,0,0
BRDA:183,40,1,0
BRDA:184,41,0,0
BRDA:184,41,1,0
BRDA:215,42,0,0
BRDA:215,42,1,0
BRDA:216,43,0,0
BRDA:216,43,1,0
BRDA:221,44,0,0
BRDA:221,44,1,0
BRDA:226,45,0,0
BRDA:226,45,1,0
BRDA:236,46,0,0
BRDA:236,46,1,0
BRDA:238,47,0,0
BRDA:238,47,1,0
BRDA:239,48,0,0
BRDA:239,48,1,0
BRDA:240,49,0,0
BRDA:240,49,1,0
BRDA:242,50,0,0
BRDA:242,50,1,0
BRDA:242,51,0,0
BRDA:242,51,1,0
BRDA:247,52,0,0
BRDA:247,52,1,0
BRDA:249,53,0,0
BRDA:249,53,1,0
BRDA:253,54,0,0
BRDA:253,54,1,0
BRDA:254,55,0,0
BRDA:254,55,1,0
BRDA:258,56,0,0
BRDA:258,56,1,0
BRDA:262,57,0,0
BRDA:262,57,1,0
BRDA:263,58,0,0
BRDA:263,58,1,0
BRDA:287,59,0,0
BRDA:287,59,1,0
BRDA:289,60,0,0
BRDA:289,60,1,0
BRDA:291,61,0,0
BRDA:291,61,1,0
BRDA:292,62,0,0
BRDA:292,62,1,0
BRDA:301,63,0,0
BRDA:301,63,1,0
BRDA:306,64,0,0
BRDA:306,64,1,0
BRDA:316,65,0,0
BRDA:316,65,1,0
BRDA:317,66,0,0
BRDA:317,66,1,0
BRDA:332,67,0,0
BRDA:332,67,1,0
BRDA:337,68,0,0
BRDA:337,68,1,0
BRF:138
BRH:0
end_of_record
TN:
SF:F:\work-project\vue-norson-lis\src\common\localStorage.js
FN:3,set
FN:3,get
FN:3,remove
FN:29,(anonymous_4)
FNF:4
FNH:0
FNDA:0,set
FNDA:0,get
FNDA:0,remove
FNDA:0,(anonymous_4)
DA:2,0
DA:6,0
DA:8,0
DA:9,0
DA:11,0
DA:15,0
DA:16,0
DA:17,0
DA:18,0
DA:20,0
DA:23,0
DA:28,0
DA:29,0
DA:30,0
DA:33,0
LF:15
LH:0
BRDA:8,0,0,0
BRDA:8,0,1,0
BRDA:8,1,0,0
BRDA:8,1,1,0
BRDA:16,2,0,0
BRDA:16,2,1,0
BRDA:17,3,0,0
BRDA:17,3,1,0
BRDA:17,4,0,0
BRDA:17,4,1,0
BRDA:28,5,0,0
BRDA:28,5,1,0
BRF:12
BRH:0
end_of_record
TN:
SF:F:\work-project\vue-norson-lis\src\common\sessionStorage.js
FN:3,set
FN:3,get
FN:3,remove
FN:29,(anonymous_4)
FNF:4
FNH:0
FNDA:0,set
FNDA:0,get
FNDA:0,remove
FNDA:0,(anonymous_4)
DA:2,0
DA:6,0
DA:8,0
DA:9,0
DA:11,0
DA:15,0
DA:16,0
DA:17,0
DA:18,0
DA:20,0
DA:23,0
DA:28,0
DA:29,0
DA:30,0
DA:33,0
LF:15
LH:0
BRDA:8,0,0,0
BRDA:8,0,1,0
BRDA:8,1,0,0
BRDA:8,1,1,0
BRDA:16,2,0,0
BRDA:16,2,1,0
BRDA:17,3,0,0
BRDA:17,3,1,0
BRDA:17,4,0,0
BRDA:17,4,1,0
BRDA:28,5,0,0
BRDA:28,5,1,0
BRF:12
BRH:0
end_of_record
TN:
SF:F:\work-project\vue-norson-lis\src\components\associate.vue
FN:36,data
FN:45,mounted
FN:46,(anonymous_4)
FN:50,(anonymous_5)
FN:62,(anonymous_6)
FN:70,onInput
FN:74,onKeyDown
FN:94,(anonymous_9)
FN:111,onSelect
FN:113,(anonymous_11)
FNF:10
FNH:0
FNDA:0,data
FNDA:0,mounted
FNDA:0,(anonymous_4)
FNDA:0,(anonymous_5)
FNDA:0,(anonymous_6)
FNDA:0,onInput
FNDA:0,onKeyDown
FNDA:0,(anonymous_9)
FNDA:0,onSelect
FNDA:0,(anonymous_11)
DA:20,0
DA:37,0
DA:45,0
DA:46,0
DA:47,0
DA:50,0
DA:51,0
DA:52,0
DA:53,0
DA:54,0
DA:55,0
DA:56,0
DA:57,0
DA:61,0
DA:62,0
DA:63,0
DA:66,0
DA:71,0
DA:74,0
DA:75,0
DA:76,0
DA:77,0
DA:78,0
DA:79,0
DA:80,0
DA:82,0
DA:84,0
DA:85,0
DA:86,0
DA:87,0
DA:88,0
DA:89,0
DA:90,0
DA:94,0
DA:98,0
DA:99,0
DA:100,0
DA:101,0
DA:104,0
DA:107,0
DA:111,0
DA:112,0
DA:113,0
DA:114,0
DA:115,0
DA:118,0
DA:119,0
DA:121,0
LF:48
LH:0
BRDA:51,0,0,0
BRDA:51,0,1,0
BRDA:52,1,0,0
BRDA:52,1,1,0
BRDA:52,2,0,0
BRDA:52,2,1,0
BRDA:54,3,0,0
BRDA:54,3,1,0
BRDA:54,4,0,0
BRDA:54,4,1,0
BRDA:56,5,0,0
BRDA:56,5,1,0
BRDA:61,6,0,0
BRDA:61,6,1,0
BRDA:75,7,0,0
BRDA:75,7,1,0
BRDA:76,8,0,0
BRDA:76,8,1,0
BRDA:82,9,0,0
BRDA:82,9,1,0
BRDA:84,10,0,0
BRDA:84,10,1,0
BRDA:87,11,0,0
BRDA:87,11,1,0
BRDA:90,12,0,0
BRDA:90,12,1,0
BRDA:98,13,0,0
BRDA:98,13,1,0
BRDA:99,14,0,0
BRDA:99,14,1,0
BRDA:104,15,0,0
BRDA:104,15,1,0
BRDA:114,16,0,0
BRDA:114,16,1,0
BRDA:118,17,0,0
BRDA:118,17,1,0
BRF:36
BRH:0
end_of_record
TN:
SF:F:\work-project\vue-norson-lis\src\components\charge.vue
FN:54,Box
FN:55,Title
FN:56,Dialog
FN:57,Form
FN:58,FormItem
FN:59,Input
FN:60,Button
FN:61,Table
FN:62,Col
FN:63,Popconfirm
FN:68,data
FN:91,change
FN:96,mounted
FN:101,fetch
FN:103,submit
FN:107,open
FN:108,close
FN:110,onSelect
FN:117,onDel
FN:118,onYes
FN:124,sum
FN:126,(anonymous_33)
FN:127,(anonymous_34)
FN:134,save
FNF:24
FNH:0
FNDA:0,Box
FNDA:0,Title
FNDA:0,Dialog
FNDA:0,Form
FNDA:0,FormItem
FNDA:0,Input
FNDA:0,Button
FNDA:0,Table
FNDA:0,Col
FNDA:0,Popconfirm
FNDA:0,data
FNDA:0,change
FNDA:0,mounted
FNDA:0,fetch
FNDA:0,submit
FNDA:0,open
FNDA:0,close
FNDA:0,onSelect
FNDA:0,onDel
FNDA:0,onYes
FNDA:0,sum
FNDA:0,(anonymous_33)
FNDA:0,(anonymous_34)
FNDA:0,save
DA:48,0
DA:49,0
DA:50,0
DA:54,0
DA:55,0
DA:56,0
DA:57,0
DA:58,0
DA:59,0
DA:60,0
DA:61,0
DA:62,0
DA:63,0
DA:68,0
DA:69,0
DA:91,0
DA:97,0
DA:101,0
DA:104,0
DA:107,0
DA:108,0
DA:111,0
DA:112,0
DA:113,0
DA:117,0
DA:119,0
DA:120,0
DA:125,0
DA:126,0
DA:127,0
DA:129,0
DA:131,0
DA:135,0
DA:136,0
LF:34
LH:0
BRDA:111,0,0,0
BRDA:111,0,1,0
BRDA:125,1,0,0
BRDA:125,1,1,0
BRF:4
BRH:0
end_of_record
TN:
SF:F:\work-project\vue-norson-lis\src\components\loading.vue
FN:22,data
FN:27,mounted
FN:31,open
FNF:3
FNH:0
FNDA:0,data
FNDA:0,mounted
FNDA:0,open
DA:14,0
DA:15,0
DA:23,0
DA:32,0
LF:4
LH:0
BRF:0
BRH:0
end_of_record
TN:
SF:F:\work-project\vue-norson-lis\src\components\table-simple.vue
FN:30,Table
FN:31,Col
FN:40,_default
FN:44,getRows
FN:47,addRows
FN:50,onSelect
FN:53,onChange
FNF:7
FNH:0
FNDA:0,Table
FNDA:0,Col
FNDA:0,_default
FNDA:0,getRows
FNDA:0,addRows
FNDA:0,onSelect
FNDA:0,onChange
DA:30,0
DA:31,0
DA:40,0
DA:45,0
DA:48,0
DA:51,0
DA:53,0
LF:7
LH:0
BRF:0
BRH:0
end_of_record
TN:
SF:F:\work-project\vue-norson-lis\src\components\title.vue
FN:22,data
FN:27,mounted
FN:31,open
FNF:3
FNH:0
FNDA:0,data
FNDA:0,mounted
FNDA:0,open
DA:14,0
DA:15,0
DA:23,0
DA:32,0
LF:4
LH:0
BRF:0
BRH:0
end_of_record
TN:
SF:F:\work-project\vue-norson-lis\src\components-x\loading-wraper.vue
FN:18,data
FNF:1
FNH:0
FNDA:0,data
DA:19,0
LF:1
LH:0
BRF:0
BRH:0
end_of_record
TN:
SF:F:\work-project\vue-norson-lis\src\components-x\loading.vue
FN:21,data
FNF:1
FNH:0
FNDA:0,data
DA:22,0
LF:1
LH:0
BRF:0
BRH:0
end_of_record
TN:
SF:F:\work-project\vue-norson-lis\src\components\ui\button.vue
FN:36,onClick
FNF:1
FNH:0
FNDA:0,onClick
DA:19,0
DA:20,0
DA:36,0
LF:3
LH:0
BRF:0
BRH:0
end_of_record
TN:
SF:F:\work-project\vue-norson-lis\src\components\ui\dialog.vue
FN:25,data
FN:30,mounted
FN:34,open
FN:35,close
FNF:4
FNH:0
FNDA:0,data
FNDA:0,mounted
FNDA:0,open
FNDA:0,close
DA:17,0
DA:18,0
DA:26,0
DA:34,0
DA:35,0
LF:5
LH:0
BRF:0
BRH:0
end_of_record
TN:
SF:F:\work-project\vue-norson-lis\src\components\ui\form-item.vue
FNF:0
FNH:0
DA:9,0
DA:10,0
LF:2
LH:0
BRF:0
BRH:0
end_of_record
TN:
SF:F:\work-project\vue-norson-lis\src\components\ui\form.vue
FN:18,onSubmit
FNF:1
FNH:0
FNDA:0,onSubmit
DA:9,0
DA:10,0
DA:19,0
LF:3
LH:0
BRF:0
BRH:0
end_of_record
TN:
SF:F:\work-project\vue-norson-lis\src\components\ui\input.vue
FN:27,onInput
FN:28,onClear
FNF:2
FNH:0
FNDA:0,onInput
FNDA:0,onClear
DA:15,0
DA:16,0
DA:27,0
DA:28,0
LF:4
LH:0
BRF:0
BRH:0
end_of_record
TN:
SF:F:\work-project\vue-norson-lis\src\components\ui\pagination.vue
FN:24,_default
FN:27,onChange
FNF:2
FNH:0
FNDA:0,_default
FNDA:0,onChange
DA:19,0
DA:20,0
DA:24,0
DA:28,0
DA:29,0
LF:5
LH:0
BRF:0
BRH:0
end_of_record
TN:
SF:F:\work-project\vue-norson-lis\src\components\ui\popconfirm.vue
FN:22,onConfirm
FNF:1
FNH:0
FNDA:0,onConfirm
DA:14,0
DA:15,0
DA:23,0
LF:3
LH:0
BRF:0
BRH:0
end_of_record
TN:
SF:F:\work-project\vue-norson-lis\src\components\ui\table-col.vue
FNF:0
FNH:0
DA:16,0
DA:17,0
LF:2
LH:0
BRF:0
BRH:0
end_of_record
TN:
SF:F:\work-project\vue-norson-lis\src\components\ui\table.vue
FN:29,Loading
FN:30,Pagination
FN:36,_default
FN:41,data
FN:48,getRows
FN:53,addRows
FN:56,(anonymous_10)
FN:62,clear
FN:65,onChange
FNF:9
FNH:0
FNDA:0,Loading
FNDA:0,Pagination
FNDA:0,_default
FNDA:0,data
FNDA:0,getRows
FNDA:0,addRows
FNDA:0,(anonymous_10)
FNDA:0,clear
FNDA:0,onChange
DA:23,0
DA:24,0
DA:25,0
DA:29,0
DA:30,0
DA:36,0
DA:42,0
DA:49,0
DA:50,0
DA:53,0
DA:54,0
DA:55,0
DA:56,0
DA:57,0
DA:63,0
DA:65,0
LF:16
LH:0
BRDA:55,0,0,0
BRDA:55,0,1,0
BRF:2
BRH:0
end_of_record
TN:
SF:F:\work-project\vue-norson-lis\src\pages\index.vue
FN:18,Associate
FN:19,Charge
FN:21,data
FN:26,mounted
FN:30,save
FNF:5
FNH:0
FNDA:0,Associate
FNDA:0,Charge
FNDA:0,data
FNDA:0,mounted
FNDA:0,save
DA:18,0
DA:19,0
DA:22,0
DA:31,0
LF:4
LH:0
BRF:0
BRH:0
end_of_record
